This file contains any messages produced by compilers while
running configure, to aid debugging if configure makes a mistake.

It was created by configure, which was
generated by GNU Autoconf 2.69.  Invocation command line was

  $ ./configure --with-php-config=/usr/local/php/bin/php-config

## --------- ##
## Platform. ##
## --------- ##

hostname = localhost.localdomain
uname -m = x86_64
uname -r = 3.10.0-1160.11.1.el7.x86_64
uname -s = Linux
uname -v = #1 SMP Fri Dec 18 16:34:56 UTC 2020

/usr/bin/uname -p = x86_64
/bin/uname -X     = unknown

/bin/arch              = x86_64
/usr/bin/arch -k       = unknown
/usr/convex/getsysinfo = unknown
/usr/bin/hostinfo      = unknown
/bin/machine           = unknown
/usr/bin/oslevel       = unknown
/bin/universe          = unknown

PATH: /usr/local/java/jdk-11.0.8+10/bin
PATH: /usr/local/sbin
PATH: /usr/local/bin
PATH: /usr/sbin
PATH: /usr/bin
PATH: /bin
PATH: /usr/local/go/bin
PATH: /root/go/BIN
PATH: /root/bin


## ----------- ##
## Core tests. ##
## ----------- ##

configure:2602: checking for grep that handles long lines and -e
configure:2660: result: /usr/bin/grep
configure:2665: checking for egrep
configure:2727: result: /usr/bin/grep -E
configure:2732: checking for a sed that does not truncate output
configure:2786: result: /usr/bin/sed
configure:2923: checking for cc
configure:2939: found /usr/bin/cc
configure:2950: result: cc
configure:2981: checking for C compiler version
configure:2990: cc --version >&5
cc (GCC) 4.8.5 20150623 (Red Hat 4.8.5-44)
Copyright (C) 2015 Free Software Foundation, Inc.
This is free software; see the source for copying conditions.  There is NO
warranty; not even for MERCHANTABILITY or FITNESS FOR A PARTICULAR PURPOSE.

configure:3001: $? = 0
configure:2990: cc -v >&5
Using built-in specs.
COLLECT_GCC=cc
COLLECT_LTO_WRAPPER=/usr/libexec/gcc/x86_64-redhat-linux/4.8.5/lto-wrapper
Target: x86_64-redhat-linux
Configured with: ../configure --prefix=/usr --mandir=/usr/share/man --infodir=/usr/share/info --with-bugurl=http://bugzilla.redhat.com/bugzilla --enable-bootstrap --enable-shared --enable-threads=posix --enable-checking=release --with-system-zlib --enable-__cxa_atexit --disable-libunwind-exceptions --enable-gnu-unique-object --enable-linker-build-id --with-linker-hash-style=gnu --enable-languages=c,c++,objc,obj-c++,java,fortran,ada,go,lto --enable-plugin --enable-initfini-array --disable-libgcj --with-isl=/builddir/build/BUILD/gcc-4.8.5-20150702/obj-x86_64-redhat-linux/isl-install --with-cloog=/builddir/build/BUILD/gcc-4.8.5-20150702/obj-x86_64-redhat-linux/cloog-install --enable-gnu-indirect-function --with-tune=generic --with-arch_32=x86-64 --build=x86_64-redhat-linux
Thread model: posix
gcc version 4.8.5 20150623 (Red Hat 4.8.5-44) (GCC) 
configure:3001: $? = 0
configure:2990: cc -V >&5
cc: error: unrecognized command line option '-V'
cc: fatal error: no input files
compilation terminated.
configure:3001: $? = 4
configure:2990: cc -qversion >&5
cc: error: unrecognized command line option '-qversion'
cc: fatal error: no input files
compilation terminated.
configure:3001: $? = 4
configure:3021: checking whether the C compiler works
configure:3043: cc    conftest.c  >&5
configure:3047: $? = 0
configure:3095: result: yes
configure:3098: checking for C compiler default output file name
configure:3100: result: a.out
configure:3106: checking for suffix of executables
configure:3113: cc -o conftest    conftest.c  >&5
configure:3117: $? = 0
configure:3139: result: 
configure:3161: checking whether we are cross compiling
configure:3169: cc -o conftest    conftest.c  >&5
configure:3173: $? = 0
configure:3180: ./conftest
configure:3184: $? = 0
configure:3199: result: no
configure:3204: checking for suffix of object files
configure:3226: cc -c   conftest.c >&5
configure:3230: $? = 0
configure:3251: result: o
configure:3255: checking whether we are using the GNU C compiler
configure:3274: cc -c   conftest.c >&5
configure:3274: $? = 0
configure:3283: result: yes
configure:3292: checking whether cc accepts -g
configure:3312: cc -c -g  conftest.c >&5
configure:3312: $? = 0
configure:3353: result: yes
configure:3370: checking for cc option to accept ISO C89
configure:3433: cc  -c -g -O2  conftest.c >&5
configure:3433: $? = 0
configure:3446: result: none needed
configure:3472: checking how to run the C preprocessor
configure:3503: cc -E  conftest.c
configure:3503: $? = 0
configure:3517: cc -E  conftest.c
conftest.c:9:28: fatal error: ac_nonexistent.h: No such file or directory
 #include <ac_nonexistent.h>
                            ^
compilation terminated.
configure:3517: $? = 1
configure: failed program was:
| /* confdefs.h */
| #define PACKAGE_NAME ""
| #define PACKAGE_TARNAME ""
| #define PACKAGE_VERSION ""
| #define PACKAGE_STRING ""
| #define PACKAGE_BUGREPORT ""
| #define PACKAGE_URL ""
| /* end confdefs.h.  */
| #include <ac_nonexistent.h>
configure:3542: result: cc -E
configure:3562: cc -E  conftest.c
configure:3562: $? = 0
configure:3576: cc -E  conftest.c
conftest.c:9:28: fatal error: ac_nonexistent.h: No such file or directory
 #include <ac_nonexistent.h>
                            ^
compilation terminated.
configure:3576: $? = 1
configure: failed program was:
| /* confdefs.h */
| #define PACKAGE_NAME ""
| #define PACKAGE_TARNAME ""
| #define PACKAGE_VERSION ""
| #define PACKAGE_STRING ""
| #define PACKAGE_BUGREPORT ""
| #define PACKAGE_URL ""
| /* end confdefs.h.  */
| #include <ac_nonexistent.h>
configure:3607: checking for icc
configure:3616: result: no
configure:3630: checking for suncc
configure:3639: result: no
configure:3657: checking whether cc understands -c and -o together
configure:3685: cc -c conftest.c -o conftest2.o >&5
configure:3689: $? = 0
configure:3695: cc -c conftest.c -o conftest2.o >&5
configure:3699: $? = 0
configure:3754: result: yes
configure:3768: checking for system library directory
configure:3783: result: lib
configure:3790: checking if compiler supports -R
configure:3809: cc -o conftest -g -O2   conftest.c -R /usr/lib  >&5
cc: error: unrecognized command line option '-R'
configure:3809: $? = 1
configure: failed program was:
| /* confdefs.h */
| #define PACKAGE_NAME ""
| #define PACKAGE_TARNAME ""
| #define PACKAGE_VERSION ""
| #define PACKAGE_STRING ""
| #define PACKAGE_BUGREPORT ""
| #define PACKAGE_URL ""
| /* end confdefs.h.  */
| 
| int
| main ()
| {
| 
|   ;
|   return 0;
| }
configure:3819: result: no
configure:3824: checking if compiler supports -Wl,-rpath,
configure:3843: cc -o conftest -g -O2   conftest.c -Wl,-rpath,/usr/lib  >&5
configure:3843: $? = 0
configure:3853: result: yes
configure:3898: checking build system type
configure:3912: result: x86_64-pc-linux-gnu
configure:3932: checking host system type
configure:3945: result: x86_64-pc-linux-gnu
configure:3965: checking target system type
configure:3978: result: x86_64-pc-linux-gnu
configure:4081: checking for PHP prefix
configure:4083: result: /usr/local/php
configure:4085: checking for PHP includes
configure:4087: result: -I/usr/local/php/include/php -I/usr/local/php/include/php/main -I/usr/local/php/include/php/TSRM -I/usr/local/php/include/php/Zend -I/usr/local/php/include/php/ext -I/usr/local/php/include/php/ext/date/lib
configure:4089: checking for PHP extension directory
configure:4091: result: /usr/local/php/lib/php/extensions/no-debug-non-zts-20180731
configure:4093: checking for PHP installed headers prefix
configure:4095: result: /usr/local/php/include/php
configure:4098: checking if debug is enabled
configure:4124: result: no
configure:4127: checking if zts is enabled
configure:4153: result: no
configure:4224: checking for re2c
configure:4254: result: no
configure:4279: WARNING: You will need re2c 0.13.4 or later if you want to regenerate PHP parsers.
configure:4293: checking for gawk
configure:4310: found /usr/bin/gawk
configure:4321: result: gawk
configure:4366: checking enable debug log
configure:4380: result: no
configure:4389: checking enable trace log
configure:4403: result: no
configure:4412: checking enable sockets support
configure:4426: result: no
configure:4435: checking enable openssl support
configure:4449: result: no
configure:4458: checking enable http2.0 support
configure:4472: result: no
configure:4481: checking swoole support
configure:4520: result: yes, shared
configure:4529: checking enable mysqlnd support
configure:4543: result: no
configure:4552: checking dir of openssl
configure:4567: result: no
configure:4576: checking dir of jemalloc
configure:4591: result: no
configure:4600: checking enable asan
configure:4614: result: no
configure:4623: checking enable gcov
configure:4637: result: no
configure:4657: checking if compiling with clang
configure:4675: cc -c -g -O2  conftest.c >&5
conftest.c: In function 'main':
conftest.c:16:13: error: unknown type name 'not'
             not clang
             ^
configure:4675: $? = 1
configure: failed program was:
| /* confdefs.h */
| #define PACKAGE_NAME ""
| #define PACKAGE_TARNAME ""
| #define PACKAGE_VERSION ""
| #define PACKAGE_STRING ""
| #define PACKAGE_BUGREPORT ""
| #define PACKAGE_URL ""
| /* end confdefs.h.  */
| 
| 
| int
| main ()
| {
| 
|         #ifndef __clang__
|             not clang
|         #endif
| 
|   ;
|   return 0;
| }
configure:4682: result: no
configure:4693: checking for accept4 in -lc
configure:4718: cc -o conftest -g -O2   conftest.c -lc   >&5
configure:4718: $? = 0
configure:4727: result: yes
configure:4735: checking for signalfd in -lc
configure:4760: cc -o conftest -g -O2   conftest.c -lc   >&5
configure:4760: $? = 0
configure:4769: result: yes
configure:4777: checking for eventfd in -lc
configure:4802: cc -o conftest -g -O2   conftest.c -lc   >&5
configure:4802: $? = 0
configure:4811: result: yes
configure:4819: checking for epoll_create in -lc
configure:4844: cc -o conftest -g -O2   conftest.c -lc   >&5
configure:4844: $? = 0
configure:4853: result: yes
configure:4861: checking for poll in -lc
configure:4886: cc -o conftest -g -O2   conftest.c -lc   >&5
configure:4886: $? = 0
configure:4895: result: yes
configure:4903: checking for sendfile in -lc
configure:4928: cc -o conftest -g -O2   conftest.c -lc   >&5
configure:4928: $? = 0
configure:4937: result: yes
configure:4945: checking for kqueue in -lc
configure:4970: cc -o conftest -g -O2   conftest.c -lc   >&5
/tmp/ccFE86uG.o: In function `main':
/data/C_study/swoole/swoole-4.4.26/conftest.c:26: undefined reference to `kqueue'
collect2: error: ld returned 1 exit status
configure:4970: $? = 1
configure: failed program was:
| /* confdefs.h */
| #define PACKAGE_NAME ""
| #define PACKAGE_TARNAME ""
| #define PACKAGE_VERSION ""
| #define PACKAGE_STRING ""
| #define PACKAGE_BUGREPORT ""
| #define PACKAGE_URL ""
| #define HAVE_ACCEPT4 1
| #define HAVE_SIGNALFD 1
| #define HAVE_EVENTFD 1
| #define HAVE_EPOLL 1
| #define HAVE_POLL 1
| #define HAVE_SENDFILE 1
| /* end confdefs.h.  */
| 
| /* Override any GCC internal prototype to avoid an error.
|    Use char because int might match the return type of a GCC
|    builtin and then its argument prototype would still apply.  */
| #ifdef __cplusplus
| extern "C"
| #endif
| char kqueue ();
| int
| main ()
| {
| return kqueue ();
|   ;
|   return 0;
| }
configure:4979: result: no
configure:4987: checking for backtrace in -lc
configure:5012: cc -o conftest -g -O2   conftest.c -lc   >&5
configure:5012: $? = 0
configure:5021: result: yes
configure:5029: checking for daemon in -lc
configure:5054: cc -o conftest -g -O2   conftest.c -lc   >&5
configure:5054: $? = 0
configure:5063: result: yes
configure:5071: checking for mkostemp in -lc
configure:5096: cc -o conftest -g -O2   conftest.c -lc   >&5
configure:5096: $? = 0
configure:5105: result: yes
configure:5113: checking for inotify_init in -lc
configure:5138: cc -o conftest -g -O2   conftest.c -lc   >&5
configure:5138: $? = 0
configure:5147: result: yes
configure:5155: checking for malloc_trim in -lc
configure:5180: cc -o conftest -g -O2   conftest.c -lc   >&5
configure:5180: $? = 0
configure:5189: result: yes
configure:5197: checking for inotify_init1 in -lc
configure:5222: cc -o conftest -g -O2   conftest.c -lc   >&5
configure:5222: $? = 0
configure:5231: result: yes
configure:5239: checking for gethostbyname2_r in -lc
configure:5264: cc -o conftest -g -O2   conftest.c -lc   >&5
configure:5264: $? = 0
configure:5273: result: yes
configure:5281: checking for ptrace in -lc
configure:5306: cc -o conftest -g -O2   conftest.c -lc   >&5
configure:5306: $? = 0
configure:5315: result: yes
configure:5323: checking for pthread_rwlock_init in -lpthread
configure:5348: cc -o conftest -g -O2   conftest.c -lpthread   >&5
configure:5348: $? = 0
configure:5357: result: yes
configure:5365: checking for pthread_spin_lock in -lpthread
configure:5390: cc -o conftest -g -O2   conftest.c -lpthread   >&5
configure:5390: $? = 0
configure:5399: result: yes
configure:5407: checking for pthread_mutex_timedlock in -lpthread
configure:5432: cc -o conftest -g -O2   conftest.c -lpthread   >&5
configure:5432: $? = 0
configure:5441: result: yes
configure:5449: checking for pthread_barrier_init in -lpthread
configure:5474: cc -o conftest -g -O2   conftest.c -lpthread   >&5
configure:5474: $? = 0
configure:5483: result: yes
configure:5491: checking for pcre_compile in -lpcre
configure:5516: cc -o conftest -g -O2   conftest.c -lpcre   >&5
configure:5516: $? = 0
configure:5525: result: yes
configure:5534: checking for gzgets in -lz
configure:5559: cc -o conftest -g -O2   conftest.c -lz   >&5
configure:5559: $? = 0
configure:5568: result: yes
configure:5605: checking for BrotliEncoderCreateInstance in -lbrotlienc
configure:5630: cc -o conftest -g -O2   conftest.c -lbrotlienc   >&5
/usr/bin/ld: cannot find -lbrotlienc
collect2: error: ld returned 1 exit status
configure:5630: $? = 1
configure: failed program was:
| /* confdefs.h */
| #define PACKAGE_NAME ""
| #define PACKAGE_TARNAME ""
| #define PACKAGE_VERSION ""
| #define PACKAGE_STRING ""
| #define PACKAGE_BUGREPORT ""
| #define PACKAGE_URL ""
| #define HAVE_ACCEPT4 1
| #define HAVE_SIGNALFD 1
| #define HAVE_EVENTFD 1
| #define HAVE_EPOLL 1
| #define HAVE_POLL 1
| #define HAVE_SENDFILE 1
| #define HAVE_EXECINFO 1
| #define HAVE_DAEMON 1
| #define HAVE_MKOSTEMP 1
| #define HAVE_INOTIFY 1
| #define HAVE_MALLOC_TRIM 1
| #define HAVE_INOTIFY_INIT1 1
| #define HAVE_GETHOSTBYNAME2_R 1
| #define HAVE_PTRACE 1
| #define HAVE_RWLOCK 1
| #define HAVE_SPINLOCK 1
| #define HAVE_MUTEX_TIMEDLOCK 1
| #define HAVE_PTHREAD_BARRIER 1
| #define HAVE_PCRE 1
| #define SW_HAVE_COMPRESSION 1
| #define SW_HAVE_ZLIB 1
| /* end confdefs.h.  */
| 
| /* Override any GCC internal prototype to avoid an error.
|    Use char because int might match the return type of a GCC
|    builtin and then its argument prototype would still apply.  */
| #ifdef __cplusplus
| extern "C"
| #endif
| char BrotliEncoderCreateInstance ();
| int
| main ()
| {
| return BrotliEncoderCreateInstance ();
|   ;
|   return 0;
| }
configure:5639: result: no
configure:5839: checking for cpu affinity
configure:5863: cc -c -g -O2  conftest.c >&5
configure:5863: $? = 0
configure:5868: result: yes
configure:5880: checking for socket REUSEPORT
configure:5898: cc -c -g -O2  conftest.c >&5
configure:5898: $? = 0
configure:5903: result: yes
configure:5915: checking for futex
configure:5936: cc -c -g -O2  conftest.c >&5
configure:5936: $? = 0
configure:5941: result: yes
configure:5953: checking for ucontext
configure:5973: cc -c -g -O2  conftest.c >&5
configure:5973: $? = 0
configure:5978: result: yes
configure:6047: checking for g++
configure:6063: found /usr/bin/g++
configure:6074: result: g++
configure:6101: checking for C++ compiler version
configure:6110: g++ --version >&5
g++ (GCC) 4.8.5 20150623 (Red Hat 4.8.5-44)
Copyright (C) 2015 Free Software Foundation, Inc.
This is free software; see the source for copying conditions.  There is NO
warranty; not even for MERCHANTABILITY or FITNESS FOR A PARTICULAR PURPOSE.

configure:6121: $? = 0
configure:6110: g++ -v >&5
Using built-in specs.
COLLECT_GCC=g++
COLLECT_LTO_WRAPPER=/usr/libexec/gcc/x86_64-redhat-linux/4.8.5/lto-wrapper
Target: x86_64-redhat-linux
Configured with: ../configure --prefix=/usr --mandir=/usr/share/man --infodir=/usr/share/info --with-bugurl=http://bugzilla.redhat.com/bugzilla --enable-bootstrap --enable-shared --enable-threads=posix --enable-checking=release --with-system-zlib --enable-__cxa_atexit --disable-libunwind-exceptions --enable-gnu-unique-object --enable-linker-build-id --with-linker-hash-style=gnu --enable-languages=c,c++,objc,obj-c++,java,fortran,ada,go,lto --enable-plugin --enable-initfini-array --disable-libgcj --with-isl=/builddir/build/BUILD/gcc-4.8.5-20150702/obj-x86_64-redhat-linux/isl-install --with-cloog=/builddir/build/BUILD/gcc-4.8.5-20150702/obj-x86_64-redhat-linux/cloog-install --enable-gnu-indirect-function --with-tune=generic --with-arch_32=x86-64 --build=x86_64-redhat-linux
Thread model: posix
gcc version 4.8.5 20150623 (Red Hat 4.8.5-44) (GCC) 
configure:6121: $? = 0
configure:6110: g++ -V >&5
g++: error: unrecognized command line option '-V'
g++: fatal error: no input files
compilation terminated.
configure:6121: $? = 4
configure:6110: g++ -qversion >&5
g++: error: unrecognized command line option '-qversion'
g++: fatal error: no input files
compilation terminated.
configure:6121: $? = 4
configure:6125: checking whether we are using the GNU C++ compiler
configure:6144: g++ -c   conftest.cpp >&5
configure:6144: $? = 0
configure:6153: result: yes
configure:6162: checking whether g++ accepts -g
configure:6182: g++ -c -g  conftest.cpp >&5
configure:6182: $? = 0
configure:6223: result: yes
configure:6248: checking for valgrind
configure:6271: g++ -c -g -O2  conftest.cpp >&5
conftest.cpp:35:39: fatal error: valgrind/valgrind.h: No such file or directory
         #include <valgrind/valgrind.h>
                                       ^
compilation terminated.
configure:6271: $? = 1
configure: failed program was:
| /* confdefs.h */
| #define PACKAGE_NAME ""
| #define PACKAGE_TARNAME ""
| #define PACKAGE_VERSION ""
| #define PACKAGE_STRING ""
| #define PACKAGE_BUGREPORT ""
| #define PACKAGE_URL ""
| #define HAVE_ACCEPT4 1
| #define HAVE_SIGNALFD 1
| #define HAVE_EVENTFD 1
| #define HAVE_EPOLL 1
| #define HAVE_POLL 1
| #define HAVE_SENDFILE 1
| #define HAVE_EXECINFO 1
| #define HAVE_DAEMON 1
| #define HAVE_MKOSTEMP 1
| #define HAVE_INOTIFY 1
| #define HAVE_MALLOC_TRIM 1
| #define HAVE_INOTIFY_INIT1 1
| #define HAVE_GETHOSTBYNAME2_R 1
| #define HAVE_PTRACE 1
| #define HAVE_RWLOCK 1
| #define HAVE_SPINLOCK 1
| #define HAVE_MUTEX_TIMEDLOCK 1
| #define HAVE_PTHREAD_BARRIER 1
| #define HAVE_PCRE 1
| #define SW_HAVE_COMPRESSION 1
| #define SW_HAVE_ZLIB 1
| #define HAVE_CPU_AFFINITY 1
| #define HAVE_REUSEPORT 1
| #define HAVE_FUTEX 1
| #define HAVE_UCONTEXT 1
| /* end confdefs.h.  */
| 
|         #include <valgrind/valgrind.h>
| 
| int
| main ()
| {
| 
| 
| 
|   ;
|   return 0;
| }
configure:6281: result: no
configure:6292: checking how to run the C++ preprocessor
configure:6319: g++ -E  conftest.cpp
configure:6319: $? = 0
configure:6333: g++ -E  conftest.cpp
conftest.cpp:34:28: fatal error: ac_nonexistent.h: No such file or directory
 #include <ac_nonexistent.h>
                            ^
compilation terminated.
configure:6333: $? = 1
configure: failed program was:
| /* confdefs.h */
| #define PACKAGE_NAME ""
| #define PACKAGE_TARNAME ""
| #define PACKAGE_VERSION ""
| #define PACKAGE_STRING ""
| #define PACKAGE_BUGREPORT ""
| #define PACKAGE_URL ""
| #define HAVE_ACCEPT4 1
| #define HAVE_SIGNALFD 1
| #define HAVE_EVENTFD 1
| #define HAVE_EPOLL 1
| #define HAVE_POLL 1
| #define HAVE_SENDFILE 1
| #define HAVE_EXECINFO 1
| #define HAVE_DAEMON 1
| #define HAVE_MKOSTEMP 1
| #define HAVE_INOTIFY 1
| #define HAVE_MALLOC_TRIM 1
| #define HAVE_INOTIFY_INIT1 1
| #define HAVE_GETHOSTBYNAME2_R 1
| #define HAVE_PTRACE 1
| #define HAVE_RWLOCK 1
| #define HAVE_SPINLOCK 1
| #define HAVE_MUTEX_TIMEDLOCK 1
| #define HAVE_PTHREAD_BARRIER 1
| #define HAVE_PCRE 1
| #define SW_HAVE_COMPRESSION 1
| #define SW_HAVE_ZLIB 1
| #define HAVE_CPU_AFFINITY 1
| #define HAVE_REUSEPORT 1
| #define HAVE_FUTEX 1
| #define HAVE_UCONTEXT 1
| /* end confdefs.h.  */
| #include <ac_nonexistent.h>
configure:6358: result: g++ -E
configure:6378: g++ -E  conftest.cpp
configure:6378: $? = 0
configure:6392: g++ -E  conftest.cpp
conftest.cpp:34:28: fatal error: ac_nonexistent.h: No such file or directory
 #include <ac_nonexistent.h>
                            ^
compilation terminated.
configure:6392: $? = 1
configure: failed program was:
| /* confdefs.h */
| #define PACKAGE_NAME ""
| #define PACKAGE_TARNAME ""
| #define PACKAGE_VERSION ""
| #define PACKAGE_STRING ""
| #define PACKAGE_BUGREPORT ""
| #define PACKAGE_URL ""
| #define HAVE_ACCEPT4 1
| #define HAVE_SIGNALFD 1
| #define HAVE_EVENTFD 1
| #define HAVE_EPOLL 1
| #define HAVE_POLL 1
| #define HAVE_SENDFILE 1
| #define HAVE_EXECINFO 1
| #define HAVE_DAEMON 1
| #define HAVE_MKOSTEMP 1
| #define HAVE_INOTIFY 1
| #define HAVE_MALLOC_TRIM 1
| #define HAVE_INOTIFY_INIT1 1
| #define HAVE_GETHOSTBYNAME2_R 1
| #define HAVE_PTRACE 1
| #define HAVE_RWLOCK 1
| #define HAVE_SPINLOCK 1
| #define HAVE_MUTEX_TIMEDLOCK 1
| #define HAVE_PTHREAD_BARRIER 1
| #define HAVE_PCRE 1
| #define SW_HAVE_COMPRESSION 1
| #define SW_HAVE_ZLIB 1
| #define HAVE_CPU_AFFINITY 1
| #define HAVE_REUSEPORT 1
| #define HAVE_FUTEX 1
| #define HAVE_UCONTEXT 1
| /* end confdefs.h.  */
| #include <ac_nonexistent.h>
configure:6421: checking for ANSI C header files
configure:6441: g++ -c -g -O2  conftest.cpp >&5
configure:6441: $? = 0
configure:6514: g++ -o conftest -g -O2   conftest.cpp  >&5
configure:6514: $? = 0
configure:6514: ./conftest
configure:6514: $? = 0
configure:6525: result: yes
configure:6538: checking for sys/types.h
configure:6538: g++ -c -g -O2  conftest.cpp >&5
configure:6538: $? = 0
configure:6538: result: yes
configure:6538: checking for sys/stat.h
configure:6538: g++ -c -g -O2  conftest.cpp >&5
configure:6538: $? = 0
configure:6538: result: yes
configure:6538: checking for stdlib.h
configure:6538: g++ -c -g -O2  conftest.cpp >&5
configure:6538: $? = 0
configure:6538: result: yes
configure:6538: checking for string.h
configure:6538: g++ -c -g -O2  conftest.cpp >&5
configure:6538: $? = 0
configure:6538: result: yes
configure:6538: checking for memory.h
configure:6538: g++ -c -g -O2  conftest.cpp >&5
configure:6538: $? = 0
configure:6538: result: yes
configure:6538: checking for strings.h
configure:6538: g++ -c -g -O2  conftest.cpp >&5
configure:6538: $? = 0
configure:6538: result: yes
configure:6538: checking for inttypes.h
configure:6538: g++ -c -g -O2  conftest.cpp >&5
configure:6538: $? = 0
configure:6538: result: yes
configure:6538: checking for stdint.h
configure:6538: g++ -c -g -O2  conftest.cpp >&5
configure:6538: $? = 0
configure:6538: result: yes
configure:6538: checking for unistd.h
configure:6538: g++ -c -g -O2  conftest.cpp >&5
configure:6538: $? = 0
configure:6538: result: yes
configure:6551: checking for struct cmsghdr
configure:6570: g++ -c -g -O2  conftest.cpp >&5
configure:6570: $? = 0
configure:6578: result: yes
configure:6590: checking for hstrerror
configure:6590: g++ -o conftest -g -O2   conftest.cpp  >&5
configure:6590: $? = 0
configure:6590: result: yes
configure:6590: checking for socketpair
configure:6590: g++ -o conftest -g -O2   conftest.cpp  >&5
configure:6590: $? = 0
configure:6590: result: yes
configure:6590: checking for if_nametoindex
configure:6590: g++ -o conftest -g -O2   conftest.cpp  >&5
configure:6590: $? = 0
configure:6590: result: yes
configure:6590: checking for if_indextoname
configure:6590: g++ -o conftest -g -O2   conftest.cpp  >&5
configure:6590: $? = 0
configure:6590: result: yes
configure:6602: checking netdb.h usability
configure:6602: g++ -c -g -O2  conftest.cpp >&5
configure:6602: $? = 0
configure:6602: result: yes
configure:6602: checking netdb.h presence
configure:6602: g++ -E  conftest.cpp
configure:6602: $? = 0
configure:6602: result: yes
configure:6602: checking for netdb.h
configure:6602: result: yes
configure:6602: checking netinet/tcp.h usability
configure:6602: g++ -c -g -O2  conftest.cpp >&5
configure:6602: $? = 0
configure:6602: result: yes
configure:6602: checking netinet/tcp.h presence
configure:6602: g++ -E  conftest.cpp
configure:6602: $? = 0
configure:6602: result: yes
configure:6602: checking for netinet/tcp.h
configure:6602: result: yes
configure:6602: checking sys/un.h usability
configure:6602: g++ -c -g -O2  conftest.cpp >&5
configure:6602: $? = 0
configure:6602: result: yes
configure:6602: checking sys/un.h presence
configure:6602: g++ -E  conftest.cpp
configure:6602: $? = 0
configure:6602: result: yes
configure:6602: checking for sys/un.h
configure:6602: result: yes
configure:6602: checking sys/sockio.h usability
configure:6602: g++ -c -g -O2  conftest.cpp >&5
conftest.cpp:85:24: fatal error: sys/sockio.h: No such file or directory
 #include <sys/sockio.h>
                        ^
compilation terminated.
configure:6602: $? = 1
configure: failed program was:
| /* confdefs.h */
| #define PACKAGE_NAME ""
| #define PACKAGE_TARNAME ""
| #define PACKAGE_VERSION ""
| #define PACKAGE_STRING ""
| #define PACKAGE_BUGREPORT ""
| #define PACKAGE_URL ""
| #define HAVE_ACCEPT4 1
| #define HAVE_SIGNALFD 1
| #define HAVE_EVENTFD 1
| #define HAVE_EPOLL 1
| #define HAVE_POLL 1
| #define HAVE_SENDFILE 1
| #define HAVE_EXECINFO 1
| #define HAVE_DAEMON 1
| #define HAVE_MKOSTEMP 1
| #define HAVE_INOTIFY 1
| #define HAVE_MALLOC_TRIM 1
| #define HAVE_INOTIFY_INIT1 1
| #define HAVE_GETHOSTBYNAME2_R 1
| #define HAVE_PTRACE 1
| #define HAVE_RWLOCK 1
| #define HAVE_SPINLOCK 1
| #define HAVE_MUTEX_TIMEDLOCK 1
| #define HAVE_PTHREAD_BARRIER 1
| #define HAVE_PCRE 1
| #define SW_HAVE_COMPRESSION 1
| #define SW_HAVE_ZLIB 1
| #define HAVE_CPU_AFFINITY 1
| #define HAVE_REUSEPORT 1
| #define HAVE_FUTEX 1
| #define HAVE_UCONTEXT 1
| #define STDC_HEADERS 1
| #define HAVE_SYS_TYPES_H 1
| #define HAVE_SYS_STAT_H 1
| #define HAVE_STDLIB_H 1
| #define HAVE_STRING_H 1
| #define HAVE_MEMORY_H 1
| #define HAVE_STRINGS_H 1
| #define HAVE_INTTYPES_H 1
| #define HAVE_STDINT_H 1
| #define HAVE_UNISTD_H 1
| #define HAVE_CMSGHDR 1
| #define HAVE_HSTRERROR 1
| #define HAVE_SOCKETPAIR 1
| #define HAVE_IF_NAMETOINDEX 1
| #define HAVE_IF_INDEXTONAME 1
| #define HAVE_NETDB_H 1
| #define HAVE_NETINET_TCP_H 1
| #define HAVE_SYS_UN_H 1
| /* end confdefs.h.  */
| #include <stdio.h>
| #ifdef HAVE_SYS_TYPES_H
| # include <sys/types.h>
| #endif
| #ifdef HAVE_SYS_STAT_H
| # include <sys/stat.h>
| #endif
| #ifdef STDC_HEADERS
| # include <stdlib.h>
| # include <stddef.h>
| #else
| # ifdef HAVE_STDLIB_H
| #  include <stdlib.h>
| # endif
| #endif
| #ifdef HAVE_STRING_H
| # if !defined STDC_HEADERS && defined HAVE_MEMORY_H
| #  include <memory.h>
| # endif
| # include <string.h>
| #endif
| #ifdef HAVE_STRINGS_H
| # include <strings.h>
| #endif
| #ifdef HAVE_INTTYPES_H
| # include <inttypes.h>
| #endif
| #ifdef HAVE_STDINT_H
| # include <stdint.h>
| #endif
| #ifdef HAVE_UNISTD_H
| # include <unistd.h>
| #endif
| #include <sys/sockio.h>
configure:6602: result: no
configure:6602: checking sys/sockio.h presence
configure:6602: g++ -E  conftest.cpp
conftest.cpp:52:24: fatal error: sys/sockio.h: No such file or directory
 #include <sys/sockio.h>
                        ^
compilation terminated.
configure:6602: $? = 1
configure: failed program was:
| /* confdefs.h */
| #define PACKAGE_NAME ""
| #define PACKAGE_TARNAME ""
| #define PACKAGE_VERSION ""
| #define PACKAGE_STRING ""
| #define PACKAGE_BUGREPORT ""
| #define PACKAGE_URL ""
| #define HAVE_ACCEPT4 1
| #define HAVE_SIGNALFD 1
| #define HAVE_EVENTFD 1
| #define HAVE_EPOLL 1
| #define HAVE_POLL 1
| #define HAVE_SENDFILE 1
| #define HAVE_EXECINFO 1
| #define HAVE_DAEMON 1
| #define HAVE_MKOSTEMP 1
| #define HAVE_INOTIFY 1
| #define HAVE_MALLOC_TRIM 1
| #define HAVE_INOTIFY_INIT1 1
| #define HAVE_GETHOSTBYNAME2_R 1
| #define HAVE_PTRACE 1
| #define HAVE_RWLOCK 1
| #define HAVE_SPINLOCK 1
| #define HAVE_MUTEX_TIMEDLOCK 1
| #define HAVE_PTHREAD_BARRIER 1
| #define HAVE_PCRE 1
| #define SW_HAVE_COMPRESSION 1
| #define SW_HAVE_ZLIB 1
| #define HAVE_CPU_AFFINITY 1
| #define HAVE_REUSEPORT 1
| #define HAVE_FUTEX 1
| #define HAVE_UCONTEXT 1
| #define STDC_HEADERS 1
| #define HAVE_SYS_TYPES_H 1
| #define HAVE_SYS_STAT_H 1
| #define HAVE_STDLIB_H 1
| #define HAVE_STRING_H 1
| #define HAVE_MEMORY_H 1
| #define HAVE_STRINGS_H 1
| #define HAVE_INTTYPES_H 1
| #define HAVE_STDINT_H 1
| #define HAVE_UNISTD_H 1
| #define HAVE_CMSGHDR 1
| #define HAVE_HSTRERROR 1
| #define HAVE_SOCKETPAIR 1
| #define HAVE_IF_NAMETOINDEX 1
| #define HAVE_IF_INDEXTONAME 1
| #define HAVE_NETDB_H 1
| #define HAVE_NETINET_TCP_H 1
| #define HAVE_SYS_UN_H 1
| /* end confdefs.h.  */
| #include <sys/sockio.h>
configure:6602: result: no
configure:6602: checking for sys/sockio.h
configure:6602: result: no
configure:6616: checking for field ss_family in struct sockaddr_storage
configure:6637: g++ -c -g -O2  conftest.cpp >&5
configure:6637: $? = 0
configure:6645: result: yes
configure:6654: checking if getaddrinfo supports AI_V4MAPPED
configure:6673: g++ -c -g -O2  conftest.cpp >&5
configure:6673: $? = 0
configure:6681: result: yes
configure:6690: checking if getaddrinfo supports AI_ALL
configure:6709: g++ -c -g -O2  conftest.cpp >&5
configure:6709: $? = 0
configure:6717: result: yes
configure:6726: checking if getaddrinfo supports AI_IDN
configure:6745: g++ -c -g -O2  conftest.cpp >&5
configure:6745: $? = 0
configure:6753: result: yes
configure:6824: checking for clock_gettime in -lrt
configure:6849: g++ -o conftest -g -O2   -lpthread conftest.cpp -lrt   >&5
configure:6849: $? = 0
configure:6858: result: yes
configure:7945: checking for C++ compiler version
configure:7954: g++ --version >&5
g++ (GCC) 4.8.5 20150623 (Red Hat 4.8.5-44)
Copyright (C) 2015 Free Software Foundation, Inc.
This is free software; see the source for copying conditions.  There is NO
warranty; not even for MERCHANTABILITY or FITNESS FOR A PARTICULAR PURPOSE.

configure:7965: $? = 0
configure:7954: g++ -v >&5
Using built-in specs.
COLLECT_GCC=g++
COLLECT_LTO_WRAPPER=/usr/libexec/gcc/x86_64-redhat-linux/4.8.5/lto-wrapper
Target: x86_64-redhat-linux
Configured with: ../configure --prefix=/usr --mandir=/usr/share/man --infodir=/usr/share/info --with-bugurl=http://bugzilla.redhat.com/bugzilla --enable-bootstrap --enable-shared --enable-threads=posix --enable-checking=release --with-system-zlib --enable-__cxa_atexit --disable-libunwind-exceptions --enable-gnu-unique-object --enable-linker-build-id --with-linker-hash-style=gnu --enable-languages=c,c++,objc,obj-c++,java,fortran,ada,go,lto --enable-plugin --enable-initfini-array --disable-libgcj --with-isl=/builddir/build/BUILD/gcc-4.8.5-20150702/obj-x86_64-redhat-linux/isl-install --with-cloog=/builddir/build/BUILD/gcc-4.8.5-20150702/obj-x86_64-redhat-linux/cloog-install --enable-gnu-indirect-function --with-tune=generic --with-arch_32=x86-64 --build=x86_64-redhat-linux
Thread model: posix
gcc version 4.8.5 20150623 (Red Hat 4.8.5-44) (GCC) 
configure:7965: $? = 0
configure:7954: g++ -V >&5
g++: error: unrecognized command line option '-V'
g++: fatal error: no input files
compilation terminated.
configure:7965: $? = 4
configure:7954: g++ -qversion >&5
g++: error: unrecognized command line option '-qversion'
g++: fatal error: no input files
compilation terminated.
configure:7965: $? = 4
configure:7969: checking whether we are using the GNU C++ compiler
configure:7997: result: yes
configure:8006: checking whether g++ accepts -g
configure:8067: result: yes
configure:8095: checking how to run the C++ preprocessor
configure:8161: result: g++ -E
configure:8181: g++ -E  conftest.cpp
configure:8181: $? = 0
configure:8195: g++ -E  conftest.cpp
conftest.cpp:60:28: fatal error: ac_nonexistent.h: No such file or directory
 #include <ac_nonexistent.h>
                            ^
compilation terminated.
configure:8195: $? = 1
configure: failed program was:
| /* confdefs.h */
| #define PACKAGE_NAME ""
| #define PACKAGE_TARNAME ""
| #define PACKAGE_VERSION ""
| #define PACKAGE_STRING ""
| #define PACKAGE_BUGREPORT ""
| #define PACKAGE_URL ""
| #define HAVE_ACCEPT4 1
| #define HAVE_SIGNALFD 1
| #define HAVE_EVENTFD 1
| #define HAVE_EPOLL 1
| #define HAVE_POLL 1
| #define HAVE_SENDFILE 1
| #define HAVE_EXECINFO 1
| #define HAVE_DAEMON 1
| #define HAVE_MKOSTEMP 1
| #define HAVE_INOTIFY 1
| #define HAVE_MALLOC_TRIM 1
| #define HAVE_INOTIFY_INIT1 1
| #define HAVE_GETHOSTBYNAME2_R 1
| #define HAVE_PTRACE 1
| #define HAVE_RWLOCK 1
| #define HAVE_SPINLOCK 1
| #define HAVE_MUTEX_TIMEDLOCK 1
| #define HAVE_PTHREAD_BARRIER 1
| #define HAVE_PCRE 1
| #define SW_HAVE_COMPRESSION 1
| #define SW_HAVE_ZLIB 1
| #define HAVE_CPU_AFFINITY 1
| #define HAVE_REUSEPORT 1
| #define HAVE_FUTEX 1
| #define HAVE_UCONTEXT 1
| #define STDC_HEADERS 1
| #define HAVE_SYS_TYPES_H 1
| #define HAVE_SYS_STAT_H 1
| #define HAVE_STDLIB_H 1
| #define HAVE_STRING_H 1
| #define HAVE_MEMORY_H 1
| #define HAVE_STRINGS_H 1
| #define HAVE_INTTYPES_H 1
| #define HAVE_STDINT_H 1
| #define HAVE_UNISTD_H 1
| #define HAVE_CMSGHDR 1
| #define HAVE_HSTRERROR 1
| #define HAVE_SOCKETPAIR 1
| #define HAVE_IF_NAMETOINDEX 1
| #define HAVE_IF_INDEXTONAME 1
| #define HAVE_NETDB_H 1
| #define HAVE_NETINET_TCP_H 1
| #define HAVE_SYS_UN_H 1
| #define HAVE_SOCKETS 1
| #define HAVE_SA_SS_FAMILY 1
| #define HAVE_AI_V4MAPPED 1
| #define HAVE_AI_ALL 1
| #define HAVE_AI_IDN 1
| #define HAVE_CLOCK_GETTIME 1
| #define SW_USE_ASM_CONTEXT 1
| #define COMPILE_DL_SWOOLE 1
| /* end confdefs.h.  */
| #include <ac_nonexistent.h>
configure:8420: checking for ld used by cc
configure:8487: result: /usr/bin/ld
configure:8494: checking if the linker (/usr/bin/ld) is GNU ld
configure:8509: result: yes
configure:8514: checking for /usr/bin/ld option to reload object files
configure:8521: result: -r
configure:8539: checking for BSD-compatible nm
configure:8588: result: /usr/bin/nm -B
configure:8592: checking whether ln -s works
configure:8596: result: yes
configure:8603: checking how to recognize dependent libraries
configure:8789: result: pass_all
configure:8874: g++ -c -g -O2 -Wall -Wno-unused-function -Wno-deprecated -Wno-deprecated-declarations -std=c++11  conftest.cpp >&5
configure:8877: $? = 0
configure:9009: checking dlfcn.h usability
configure:9009: g++ -c -g -O2 -Wall -Wno-unused-function -Wno-deprecated -Wno-deprecated-declarations -std=c++11  conftest.cpp >&5
configure:9009: $? = 0
configure:9009: result: yes
configure:9009: checking dlfcn.h presence
configure:9009: g++ -E  conftest.cpp
configure:9009: $? = 0
configure:9009: result: yes
configure:9009: checking for dlfcn.h
configure:9009: result: yes
configure:9029: checking how to run the C++ preprocessor
configure:9095: result: g++ -E
configure:9115: g++ -E  conftest.cpp
configure:9115: $? = 0
configure:9129: g++ -E  conftest.cpp
conftest.cpp:61:28: fatal error: ac_nonexistent.h: No such file or directory
 #include <ac_nonexistent.h>
                            ^
compilation terminated.
configure:9129: $? = 1
configure: failed program was:
| /* confdefs.h */
| #define PACKAGE_NAME ""
| #define PACKAGE_TARNAME ""
| #define PACKAGE_VERSION ""
| #define PACKAGE_STRING ""
| #define PACKAGE_BUGREPORT ""
| #define PACKAGE_URL ""
| #define HAVE_ACCEPT4 1
| #define HAVE_SIGNALFD 1
| #define HAVE_EVENTFD 1
| #define HAVE_EPOLL 1
| #define HAVE_POLL 1
| #define HAVE_SENDFILE 1
| #define HAVE_EXECINFO 1
| #define HAVE_DAEMON 1
| #define HAVE_MKOSTEMP 1
| #define HAVE_INOTIFY 1
| #define HAVE_MALLOC_TRIM 1
| #define HAVE_INOTIFY_INIT1 1
| #define HAVE_GETHOSTBYNAME2_R 1
| #define HAVE_PTRACE 1
| #define HAVE_RWLOCK 1
| #define HAVE_SPINLOCK 1
| #define HAVE_MUTEX_TIMEDLOCK 1
| #define HAVE_PTHREAD_BARRIER 1
| #define HAVE_PCRE 1
| #define SW_HAVE_COMPRESSION 1
| #define SW_HAVE_ZLIB 1
| #define HAVE_CPU_AFFINITY 1
| #define HAVE_REUSEPORT 1
| #define HAVE_FUTEX 1
| #define HAVE_UCONTEXT 1
| #define STDC_HEADERS 1
| #define HAVE_SYS_TYPES_H 1
| #define HAVE_SYS_STAT_H 1
| #define HAVE_STDLIB_H 1
| #define HAVE_STRING_H 1
| #define HAVE_MEMORY_H 1
| #define HAVE_STRINGS_H 1
| #define HAVE_INTTYPES_H 1
| #define HAVE_STDINT_H 1
| #define HAVE_UNISTD_H 1
| #define HAVE_CMSGHDR 1
| #define HAVE_HSTRERROR 1
| #define HAVE_SOCKETPAIR 1
| #define HAVE_IF_NAMETOINDEX 1
| #define HAVE_IF_INDEXTONAME 1
| #define HAVE_NETDB_H 1
| #define HAVE_NETINET_TCP_H 1
| #define HAVE_SYS_UN_H 1
| #define HAVE_SOCKETS 1
| #define HAVE_SA_SS_FAMILY 1
| #define HAVE_AI_V4MAPPED 1
| #define HAVE_AI_ALL 1
| #define HAVE_AI_IDN 1
| #define HAVE_CLOCK_GETTIME 1
| #define SW_USE_ASM_CONTEXT 1
| #define COMPILE_DL_SWOOLE 1
| #define HAVE_DLFCN_H 1
| /* end confdefs.h.  */
| #include <ac_nonexistent.h>
configure:9162: checking the maximum length of command line arguments
configure:9274: result: 1572864
configure:9286: checking command to parse /usr/bin/nm -B output from cc object
configure:9391: g++ -c -g -O2 -Wall -Wno-unused-function -Wno-deprecated -Wno-deprecated-declarations -std=c++11  conftest.cpp >&5
configure:9394: $? = 0
configure:9398: /usr/bin/nm -B conftest.o \| sed -n -e 's/^.*[ 	]\([ABCDGIRSTW][ABCDGIRSTW]*\)[ 	][ 	]*\([_A-Za-z][_A-Za-z0-9]*\)$/\1 \2 \2/p' \> conftest.nm
configure:9401: $? = 0
configure:9453: g++ -o conftest -g -O2 -Wall -Wno-unused-function -Wno-deprecated -Wno-deprecated-declarations -std=c++11   -lpthread -z now conftest.cpp conftstm.o >&5
configure:9456: $? = 0
configure:9494: result: ok
configure:9498: checking for objdir
configure:9513: result: .libs
configure:9605: checking for ar
configure:9621: found /usr/bin/ar
configure:9632: result: ar
configure:9697: checking for ranlib
configure:9713: found /usr/bin/ranlib
configure:9724: result: ranlib
configure:9789: checking for strip
configure:9805: found /usr/bin/strip
configure:9816: result: strip
configure:10385: checking if cc supports -fno-rtti -fno-exceptions
configure:10403: cc -c -Wall -pthread -g -O2  -fno-rtti -fno-exceptions conftest.c >&5
cc1: warning: command line option '-fno-rtti' is valid for C++/ObjC++ but not for C [enabled by default]
configure:10407: $? = 0
configure:10420: result: no
configure:10435: checking for cc option to produce PIC
configure:10675: result: -fPIC
configure:10683: checking if cc PIC flag -fPIC works
configure:10701: cc -c -Wall -pthread -g -O2  -fPIC -DPIC conftest.c >&5
configure:10705: $? = 0
configure:10718: result: yes
configure:10746: checking if cc static flag -static works
configure:10774: result: no
configure:10784: checking if cc supports -c -o file.o
configure:10805: cc -c -Wall -pthread -g -O2  -o out/conftest2.o conftest.c >&5
configure:10809: $? = 0
configure:10831: result: yes
configure:10857: checking whether the cc linker (/usr/bin/ld -m elf_x86_64) supports shared libraries
configure:11785: result: yes
configure:11806: checking whether -lc should be explicitly linked in
configure:11811: cc -c -Wall -pthread -g -O2  conftest.c >&5
configure:11814: $? = 0
configure:11829: cc -shared conftest.o  -v -Wl,-soname -Wl,conftest -o conftest 2\>\&1 \| grep  -lc  \>/dev/null 2\>\&1
configure:11832: $? = 0
configure:11844: result: no
configure:11852: checking dynamic linker characteristics
configure:12450: result: GNU/Linux ld.so
configure:12474: checking how to hardcode library paths into programs
configure:12499: result: immediate
configure:12513: checking whether stripping libraries is possible
configure:12518: result: yes
configure:13035: checking if libtool supports shared libraries
configure:13037: result: yes
configure:13040: checking whether to build shared libraries
configure:13061: result: yes
configure:13064: checking whether to build static libraries
configure:13068: result: no
configure:13163: result:
creating libtool
configure:13754: checking for ld used by g++
configure:13821: result: /usr/bin/ld -m elf_x86_64
configure:13828: checking if the linker (/usr/bin/ld -m elf_x86_64) is GNU ld
configure:13843: result: yes
configure:13894: checking whether the g++ linker (/usr/bin/ld -m elf_x86_64) supports shared libraries
configure:14792: result: yes
configure:14813: g++ -c -g -O2 -Wall -Wno-unused-function -Wno-deprecated -Wno-deprecated-declarations -std=c++11  conftest.cpp >&5
configure:14816: $? = 0
configure:14972: checking for g++ option to produce PIC
configure:15262: result: -fPIC
configure:15270: checking if g++ PIC flag -fPIC works
configure:15288: g++ -c -g -O2 -Wall -Wno-unused-function -Wno-deprecated -Wno-deprecated-declarations -std=c++11  -fPIC -DPIC conftest.cpp >&5
configure:15292: $? = 0
configure:15305: result: yes
configure:15333: checking if g++ static flag -static works
configure:15361: result: no
configure:15371: checking if g++ supports -c -o file.o
configure:15392: g++ -c -g -O2 -Wall -Wno-unused-function -Wno-deprecated -Wno-deprecated-declarations -std=c++11  -o out/conftest2.o conftest.cpp >&5
configure:15396: $? = 0
configure:15418: result: yes
configure:15444: checking whether the g++ linker (/usr/bin/ld -m elf_x86_64) supports shared libraries
configure:15470: result: yes
configure:15537: checking dynamic linker characteristics
configure:16083: result: GNU/Linux ld.so
configure:16107: checking how to hardcode library paths into programs
configure:16132: result: immediate
configure:16861: creating ./config.status

## ---------------------- ##
## Running config.status. ##
## ---------------------- ##

This file was extended by config.status, which was
generated by GNU Autoconf 2.69.  Invocation command line was

  CONFIG_FILES    = 
  CONFIG_HEADERS  = 
  CONFIG_LINKS    = 
  CONFIG_COMMANDS = 
  $ ./config.status 

on localhost.localdomain

config.status:716: creating config.h
config.status:806: config.h is unchanged

## ---------------- ##
## Cache variables. ##
## ---------------- ##

ac_cv_build=x86_64-pc-linux-gnu
ac_cv_c_compiler_gnu=yes
ac_cv_cmsghdr=yes
ac_cv_cxx_compiler_gnu=yes
ac_cv_env_CCC_set=
ac_cv_env_CCC_value=
ac_cv_env_CC_set=
ac_cv_env_CC_value=
ac_cv_env_CFLAGS_set=
ac_cv_env_CFLAGS_value=
ac_cv_env_CPPFLAGS_set=
ac_cv_env_CPPFLAGS_value=
ac_cv_env_CPP_set=
ac_cv_env_CPP_value=
ac_cv_env_CXXCPP_set=
ac_cv_env_CXXCPP_value=
ac_cv_env_CXXFLAGS_set=
ac_cv_env_CXXFLAGS_value=
ac_cv_env_CXX_set=
ac_cv_env_CXX_value=
ac_cv_env_LDFLAGS_set=
ac_cv_env_LDFLAGS_value=
ac_cv_env_LIBS_set=
ac_cv_env_LIBS_value=
ac_cv_env_build_alias_set=
ac_cv_env_build_alias_value=
ac_cv_env_host_alias_set=
ac_cv_env_host_alias_value=
ac_cv_env_target_alias_set=
ac_cv_env_target_alias_value=
ac_cv_func_hstrerror=yes
ac_cv_func_if_indextoname=yes
ac_cv_func_if_nametoindex=yes
ac_cv_func_socketpair=yes
ac_cv_gai_ai_all=yes
ac_cv_gai_ai_idn=yes
ac_cv_gai_ai_v4mapped=yes
ac_cv_header_dlfcn_h=yes
ac_cv_header_inttypes_h=yes
ac_cv_header_memory_h=yes
ac_cv_header_netdb_h=yes
ac_cv_header_netinet_tcp_h=yes
ac_cv_header_stdc=yes
ac_cv_header_stdint_h=yes
ac_cv_header_stdlib_h=yes
ac_cv_header_string_h=yes
ac_cv_header_strings_h=yes
ac_cv_header_sys_sockio_h=no
ac_cv_header_sys_stat_h=yes
ac_cv_header_sys_types_h=yes
ac_cv_header_sys_un_h=yes
ac_cv_header_unistd_h=yes
ac_cv_host=x86_64-pc-linux-gnu
ac_cv_lib_brotlienc_BrotliEncoderCreateInstance=no
ac_cv_lib_c_accept4=yes
ac_cv_lib_c_backtrace=yes
ac_cv_lib_c_daemon=yes
ac_cv_lib_c_epoll_create=yes
ac_cv_lib_c_eventfd=yes
ac_cv_lib_c_gethostbyname2_r=yes
ac_cv_lib_c_inotify_init1=yes
ac_cv_lib_c_inotify_init=yes
ac_cv_lib_c_kqueue=no
ac_cv_lib_c_malloc_trim=yes
ac_cv_lib_c_mkostemp=yes
ac_cv_lib_c_poll=yes
ac_cv_lib_c_ptrace=yes
ac_cv_lib_c_sendfile=yes
ac_cv_lib_c_signalfd=yes
ac_cv_lib_pcre_pcre_compile=yes
ac_cv_lib_pthread_pthread_barrier_init=yes
ac_cv_lib_pthread_pthread_mutex_timedlock=yes
ac_cv_lib_pthread_pthread_rwlock_init=yes
ac_cv_lib_pthread_pthread_spin_lock=yes
ac_cv_lib_rt_clock_gettime=yes
ac_cv_lib_z_gzgets=yes
ac_cv_objext=o
ac_cv_path_EGREP='/usr/bin/grep -E'
ac_cv_path_GREP=/usr/bin/grep
ac_cv_prog_AWK=gawk
ac_cv_prog_CPP='cc -E'
ac_cv_prog_CXXCPP='g++ -E'
ac_cv_prog_ac_ct_AR=ar
ac_cv_prog_ac_ct_CC=cc
ac_cv_prog_ac_ct_CXX=g++
ac_cv_prog_ac_ct_RANLIB=ranlib
ac_cv_prog_ac_ct_STRIP=strip
ac_cv_prog_cc_c89=
ac_cv_prog_cc_cc_c_o=yes
ac_cv_prog_cc_g=yes
ac_cv_prog_cxx_g=yes
ac_cv_ss_family=yes
ac_cv_target=x86_64-pc-linux-gnu
lt_cv_deplibs_check_method=pass_all
lt_cv_file_magic_cmd='$MAGIC_CMD'
lt_cv_file_magic_test_file=
lt_cv_ld_reload_flag=-r
lt_cv_objdir=.libs
lt_cv_path_LD=/usr/bin/ld
lt_cv_path_LDCXX='/usr/bin/ld -m elf_x86_64'
lt_cv_path_NM='/usr/bin/nm -B'
lt_cv_path_SED=/usr/bin/sed
lt_cv_prog_compiler_c_o=yes
lt_cv_prog_compiler_c_o_CXX=yes
lt_cv_prog_compiler_pic_works=yes
lt_cv_prog_compiler_pic_works_CXX=yes
lt_cv_prog_compiler_rtti_exceptions=no
lt_cv_prog_compiler_static_works=no
lt_cv_prog_compiler_static_works_CXX=no
lt_cv_prog_gnu_ld=yes
lt_cv_prog_gnu_ldcxx=yes
lt_cv_sys_global_symbol_pipe='sed -n -e '\''s/^.*[ 	]\([ABCDGIRSTW][ABCDGIRSTW]*\)[ 	][ 	]*\([_A-Za-z][_A-Za-z0-9]*\)$/\1 \2 \2/p'\'''
lt_cv_sys_global_symbol_to_c_name_address='sed -n -e '\''s/^: \([^ ]*\) $/  {\"\1\", (lt_ptr) 0},/p'\'' -e '\''s/^[BCDEGRST] \([^ ]*\) \([^ ]*\)$/  {"\2", (lt_ptr) \&\2},/p'\'''
lt_cv_sys_global_symbol_to_cdecl='sed -n -e '\''s/^. .* \(.*\)$/extern int \1;/p'\'''
lt_cv_sys_lib_dlsearch_path_spec='/lib /usr/lib /usr/lib64//bind9-export/ /usr/local/freetype/lib     /usr/local/mysql/lib     /usr/local/lib /usr/local/LuaJIT/lib /lib /usr/lib /usr/lib64 /usr/local/lib /usr/local/lib /usr/local/lib64 /usr/local/lib /usr/lib /usr/lib64 '
lt_cv_sys_lib_search_path_spec='/usr/lib/gcc/x86_64-redhat-linux/4.8.5 /usr/lib64 /lib64'
lt_cv_sys_max_cmd_len=1572864
lt_lt_cv_prog_compiler_c_o='"yes"'
lt_lt_cv_prog_compiler_c_o_CXX='"yes"'
lt_lt_cv_sys_global_symbol_pipe='"sed -n -e '\''s/^.*[ 	]\\([ABCDGIRSTW][ABCDGIRSTW]*\\)[ 	][ 	]*\\([_A-Za-z][_A-Za-z0-9]*\\)\$/\\1 \\2 \\2/p'\''"'
lt_lt_cv_sys_global_symbol_to_c_name_address='"sed -n -e '\''s/^: \\([^ ]*\\) \$/  {\\\"\\1\\\", (lt_ptr) 0},/p'\'' -e '\''s/^[BCDEGRST] \\([^ ]*\\) \\([^ ]*\\)\$/  {\"\\2\", (lt_ptr) \\&\\2},/p'\''"'
lt_lt_cv_sys_global_symbol_to_cdecl='"sed -n -e '\''s/^. .* \\(.*\\)\$/extern int \\1;/p'\''"'
php_cv_cc_dashr=no
php_cv_cc_rpath=yes

## ----------------- ##
## Output variables. ##
## ----------------- ##

AR='ar'
AWK='gawk'
CC='cc'
CFLAGS='-Wall -pthread -g -O2'
CONFIGURE_COMMAND=' '\''./configure'\''  '\''--with-php-config=/usr/local/php/bin/php-config'\'''
CONFIGURE_OPTIONS=' '\''--with-php-config=/usr/local/php/bin/php-config'\'''
CPP='cc -E'
CPPFLAGS=' -DHAVE_CONFIG_H'
CXX='g++'
CXXCPP='g++ -E'
CXXFLAGS='-g -O2 -Wall -Wno-unused-function -Wno-deprecated -Wno-deprecated-declarations -std=c++11'
DEFS='-DHAVE_CONFIG_H'
DSYMUTIL=''
ECHO='echo'
ECHO_C=''
ECHO_N='-n'
ECHO_T=''
EGREP='/usr/bin/grep -E'
EXEEXT=''
GREP='/usr/bin/grep'
LDFLAGS=' -lpthread -z now'
LIBOBJS=''
LIBS='-lstdc++ '
LIBTOOL='$(SHELL) $(top_builddir)/libtool'
LN_S='ln -s'
LTLIBOBJS=''
NMEDIT=''
OBJEXT='o'
PACKAGE_BUGREPORT=''
PACKAGE_NAME=''
PACKAGE_STRING=''
PACKAGE_TARNAME=''
PACKAGE_URL=''
PACKAGE_VERSION=''
PATH_SEPARATOR=':'
RANLIB='ranlib'
RE2C='exit 0;'
SED='/usr/bin/sed'
SHELL='/bin/sh'
SHLIB_DL_SUFFIX_NAME='so'
SHLIB_SUFFIX_NAME='so'
STRIP='strip'
ac_ct_CC='cc'
ac_ct_CXX='g++'
bindir='${exec_prefix}/bin'
build='x86_64-pc-linux-gnu'
build_alias=''
build_cpu='x86_64'
build_os='linux-gnu'
build_vendor='pc'
datadir='${datarootdir}'
datarootdir='${prefix}/share'
docdir='${datarootdir}/doc/${PACKAGE}'
dvidir='${docdir}'
exec_prefix='$(prefix)'
host='x86_64-pc-linux-gnu'
host_alias='x86_64-pc-linux-gnu'
host_cpu='x86_64'
host_os='linux-gnu'
host_vendor='pc'
htmldir='${docdir}'
includedir='${prefix}/include'
infodir='${datarootdir}/info'
libdir='${exec_prefix}/lib'
libexecdir='${exec_prefix}/libexec'
localedir='${datarootdir}/locale'
localstatedir='${prefix}/var'
mandir='${datarootdir}/man'
oldincludedir='/usr/include'
pdfdir='${docdir}'
prefix='/usr/local/php'
program_transform_name='s,x,x,'
psdir='${docdir}'
sbindir='${exec_prefix}/sbin'
sharedstatedir='${prefix}/com'
sysconfdir='${prefix}/etc'
target='x86_64-pc-linux-gnu'
target_alias=''
target_cpu='x86_64'
target_os='linux-gnu'
target_vendor='pc'

## ----------- ##
## confdefs.h. ##
## ----------- ##

/* confdefs.h */
#define PACKAGE_NAME ""
#define PACKAGE_TARNAME ""
#define PACKAGE_VERSION ""
#define PACKAGE_STRING ""
#define PACKAGE_BUGREPORT ""
#define PACKAGE_URL ""
#define HAVE_ACCEPT4 1
#define HAVE_SIGNALFD 1
#define HAVE_EVENTFD 1
#define HAVE_EPOLL 1
#define HAVE_POLL 1
#define HAVE_SENDFILE 1
#define HAVE_EXECINFO 1
#define HAVE_DAEMON 1
#define HAVE_MKOSTEMP 1
#define HAVE_INOTIFY 1
#define HAVE_MALLOC_TRIM 1
#define HAVE_INOTIFY_INIT1 1
#define HAVE_GETHOSTBYNAME2_R 1
#define HAVE_PTRACE 1
#define HAVE_RWLOCK 1
#define HAVE_SPINLOCK 1
#define HAVE_MUTEX_TIMEDLOCK 1
#define HAVE_PTHREAD_BARRIER 1
#define HAVE_PCRE 1
#define SW_HAVE_COMPRESSION 1
#define SW_HAVE_ZLIB 1
#define HAVE_CPU_AFFINITY 1
#define HAVE_REUSEPORT 1
#define HAVE_FUTEX 1
#define HAVE_UCONTEXT 1
#define STDC_HEADERS 1
#define HAVE_SYS_TYPES_H 1
#define HAVE_SYS_STAT_H 1
#define HAVE_STDLIB_H 1
#define HAVE_STRING_H 1
#define HAVE_MEMORY_H 1
#define HAVE_STRINGS_H 1
#define HAVE_INTTYPES_H 1
#define HAVE_STDINT_H 1
#define HAVE_UNISTD_H 1
#define HAVE_CMSGHDR 1
#define HAVE_HSTRERROR 1
#define HAVE_SOCKETPAIR 1
#define HAVE_IF_NAMETOINDEX 1
#define HAVE_IF_INDEXTONAME 1
#define HAVE_NETDB_H 1
#define HAVE_NETINET_TCP_H 1
#define HAVE_SYS_UN_H 1
#define HAVE_SOCKETS 1
#define HAVE_SA_SS_FAMILY 1
#define HAVE_AI_V4MAPPED 1
#define HAVE_AI_ALL 1
#define HAVE_AI_IDN 1
#define HAVE_CLOCK_GETTIME 1
#define SW_USE_ASM_CONTEXT 1
#define COMPILE_DL_SWOOLE 1
#define HAVE_DLFCN_H 1

configure: exit 0
