This file contains any messages produced by compilers while
running configure, to aid debugging if configure makes a mistake.

It was created by configure, which was
generated by GNU Autoconf 2.69.  Invocation command line was

  $ ./configure --with-php-config=/usr/local/php7.3.12/bin/php-config

## --------- ##
## Platform. ##
## --------- ##

hostname = localhost.localdomain
uname -m = x86_64
uname -r = 3.10.0-1160.11.1.el7.x86_64
uname -s = Linux
uname -v = #1 SMP Fri Dec 18 16:34:56 UTC 2020

/usr/bin/uname -p = x86_64
/bin/uname -X     = unknown

/bin/arch              = x86_64
/usr/bin/arch -k       = unknown
/usr/convex/getsysinfo = unknown
/usr/bin/hostinfo      = unknown
/bin/machine           = unknown
/usr/bin/oslevel       = unknown
/bin/universe          = unknown

PATH: /usr/local/java/jdk-11.0.8+10/bin
PATH: /usr/local/sbin
PATH: /usr/local/bin
PATH: /usr/sbin
PATH: /usr/bin
PATH: /bin
PATH: /usr/local/go/bin
PATH: /root/go/BIN
PATH: /root/bin


## ----------- ##
## Core tests. ##
## ----------- ##

configure:2466: checking for grep that handles long lines and -e
configure:2524: result: /usr/bin/grep
configure:2529: checking for egrep
configure:2591: result: /usr/bin/grep -E
configure:2596: checking for a sed that does not truncate output
configure:2650: result: /usr/bin/sed
configure:2787: checking for cc
configure:2803: found /usr/bin/cc
configure:2814: result: cc
configure:2845: checking for C compiler version
configure:2854: cc --version >&5
cc (GCC) 4.8.5 20150623 (Red Hat 4.8.5-44)
Copyright (C) 2015 Free Software Foundation, Inc.
This is free software; see the source for copying conditions.  There is NO
warranty; not even for MERCHANTABILITY or FITNESS FOR A PARTICULAR PURPOSE.

configure:2865: $? = 0
configure:2854: cc -v >&5
Using built-in specs.
COLLECT_GCC=cc
COLLECT_LTO_WRAPPER=/usr/libexec/gcc/x86_64-redhat-linux/4.8.5/lto-wrapper
Target: x86_64-redhat-linux
Configured with: ../configure --prefix=/usr --mandir=/usr/share/man --infodir=/usr/share/info --with-bugurl=http://bugzilla.redhat.com/bugzilla --enable-bootstrap --enable-shared --enable-threads=posix --enable-checking=release --with-system-zlib --enable-__cxa_atexit --disable-libunwind-exceptions --enable-gnu-unique-object --enable-linker-build-id --with-linker-hash-style=gnu --enable-languages=c,c++,objc,obj-c++,java,fortran,ada,go,lto --enable-plugin --enable-initfini-array --disable-libgcj --with-isl=/builddir/build/BUILD/gcc-4.8.5-20150702/obj-x86_64-redhat-linux/isl-install --with-cloog=/builddir/build/BUILD/gcc-4.8.5-20150702/obj-x86_64-redhat-linux/cloog-install --enable-gnu-indirect-function --with-tune=generic --with-arch_32=x86-64 --build=x86_64-redhat-linux
Thread model: posix
gcc version 4.8.5 20150623 (Red Hat 4.8.5-44) (GCC) 
configure:2865: $? = 0
configure:2854: cc -V >&5
cc: error: unrecognized command line option '-V'
cc: fatal error: no input files
compilation terminated.
configure:2865: $? = 4
configure:2854: cc -qversion >&5
cc: error: unrecognized command line option '-qversion'
cc: fatal error: no input files
compilation terminated.
configure:2865: $? = 4
configure:2885: checking whether the C compiler works
configure:2907: cc    conftest.c  >&5
configure:2911: $? = 0
configure:2959: result: yes
configure:2962: checking for C compiler default output file name
configure:2964: result: a.out
configure:2970: checking for suffix of executables
configure:2977: cc -o conftest    conftest.c  >&5
configure:2981: $? = 0
configure:3003: result: 
configure:3025: checking whether we are cross compiling
configure:3033: cc -o conftest    conftest.c  >&5
configure:3037: $? = 0
configure:3044: ./conftest
configure:3048: $? = 0
configure:3063: result: no
configure:3068: checking for suffix of object files
configure:3090: cc -c   conftest.c >&5
configure:3094: $? = 0
configure:3115: result: o
configure:3119: checking whether we are using the GNU C compiler
configure:3138: cc -c   conftest.c >&5
configure:3138: $? = 0
configure:3147: result: yes
configure:3156: checking whether cc accepts -g
configure:3176: cc -c -g  conftest.c >&5
configure:3176: $? = 0
configure:3217: result: yes
configure:3234: checking for cc option to accept ISO C89
configure:3297: cc  -c -g -O2  conftest.c >&5
configure:3297: $? = 0
configure:3310: result: none needed
configure:3336: checking how to run the C preprocessor
configure:3367: cc -E  conftest.c
configure:3367: $? = 0
configure:3381: cc -E  conftest.c
conftest.c:9:28: fatal error: ac_nonexistent.h: No such file or directory
 #include <ac_nonexistent.h>
                            ^
compilation terminated.
configure:3381: $? = 1
configure: failed program was:
| /* confdefs.h */
| #define PACKAGE_NAME ""
| #define PACKAGE_TARNAME ""
| #define PACKAGE_VERSION ""
| #define PACKAGE_STRING ""
| #define PACKAGE_BUGREPORT ""
| #define PACKAGE_URL ""
| /* end confdefs.h.  */
| #include <ac_nonexistent.h>
configure:3406: result: cc -E
configure:3426: cc -E  conftest.c
configure:3426: $? = 0
configure:3440: cc -E  conftest.c
conftest.c:9:28: fatal error: ac_nonexistent.h: No such file or directory
 #include <ac_nonexistent.h>
                            ^
compilation terminated.
configure:3440: $? = 1
configure: failed program was:
| /* confdefs.h */
| #define PACKAGE_NAME ""
| #define PACKAGE_TARNAME ""
| #define PACKAGE_VERSION ""
| #define PACKAGE_STRING ""
| #define PACKAGE_BUGREPORT ""
| #define PACKAGE_URL ""
| /* end confdefs.h.  */
| #include <ac_nonexistent.h>
configure:3471: checking for icc
configure:3480: result: no
configure:3494: checking for suncc
configure:3503: result: no
configure:3521: checking whether cc understands -c and -o together
configure:3549: cc -c conftest.c -o conftest2.o >&5
configure:3553: $? = 0
configure:3559: cc -c conftest.c -o conftest2.o >&5
configure:3563: $? = 0
configure:3618: result: yes
configure:3632: checking for system library directory
configure:3647: result: lib
configure:3654: checking if compiler supports -R
configure:3673: cc -o conftest -g -O2   conftest.c -R /usr/lib  >&5
cc: error: unrecognized command line option '-R'
configure:3673: $? = 1
configure: failed program was:
| /* confdefs.h */
| #define PACKAGE_NAME ""
| #define PACKAGE_TARNAME ""
| #define PACKAGE_VERSION ""
| #define PACKAGE_STRING ""
| #define PACKAGE_BUGREPORT ""
| #define PACKAGE_URL ""
| /* end confdefs.h.  */
| 
| int
| main ()
| {
| 
|   ;
|   return 0;
| }
configure:3683: result: no
configure:3688: checking if compiler supports -Wl,-rpath,
configure:3707: cc -o conftest -g -O2   conftest.c -Wl,-rpath,/usr/lib  >&5
configure:3707: $? = 0
configure:3717: result: yes
configure:3762: checking build system type
configure:3776: result: x86_64-pc-linux-gnu
configure:3796: checking host system type
configure:3809: result: x86_64-pc-linux-gnu
configure:3829: checking target system type
configure:3842: result: x86_64-pc-linux-gnu
configure:3945: checking for PHP prefix
configure:3947: result: /usr/local/php7.3.12
configure:3949: checking for PHP includes
configure:3951: result: -I/usr/local/php7.3.12/include/php -I/usr/local/php7.3.12/include/php/main -I/usr/local/php7.3.12/include/php/TSRM -I/usr/local/php7.3.12/include/php/Zend -I/usr/local/php7.3.12/include/php/ext -I/usr/local/php7.3.12/include/php/ext/date/lib
configure:3953: checking for PHP extension directory
configure:3955: result: /usr/local/php7.3.12/lib/php/extensions/no-debug-non-zts-20180731
configure:3957: checking for PHP installed headers prefix
configure:3959: result: /usr/local/php7.3.12/include/php
configure:3962: checking if debug is enabled
configure:3988: result: no
configure:3991: checking if zts is enabled
configure:4017: result: no
configure:4088: checking for re2c
configure:4118: result: no
configure:4143: WARNING: You will need re2c 0.13.4 or later if you want to regenerate PHP parsers.
configure:4157: checking for gawk
configure:4174: found /usr/bin/gawk
configure:4185: result: gawk
configure:4231: checking whether to enable swoole debug
configure:4245: result: no
configure:4254: checking Whether to enable trace log
configure:4268: result: no
configure:4277: checking enable sockets support
configure:4291: result: no
configure:4300: checking enable async_redis support
configure:4314: result: no
configure:4323: checking enable coroutine postgresql support
configure:4337: result: no
configure:4346: checking enable openssl support
configure:4360: result: no
configure:4369: checking enable http2.0 support
configure:4383: result: no
configure:4392: checking enable thread support
configure:4406: result: no
configure:4415: checking enable hugepage support
configure:4429: result: no
configure:4438: checking swoole support
configure:4477: result: yes, shared
configure:4486: checking swoole static compile support
configure:4500: result: no
configure:4509: checking swoole support
configure:4549: result: yes, shared
configure:4558: checking for libpq support
configure:4573: result: no
configure:4582: checking for OpenSSL support
configure:4597: result: no
configure:4606: checking for PHP-X support
configure:4621: result: no
configure:4630: checking for jemalloc support
configure:4645: result: no
configure:4654: checking enable mysqlnd support
configure:4668: result: no
configure:4677: checking whether to enable asan
configure:4691: result: no
configure:4700: checking enable picohttpparser support
configure:4714: result: no
configure:4723: checking swoole support
configure:4763: result: yes, shared
configure:4772: checking enable timewheel support
configure:4786: result: no
configure:4806: checking if compiling with clang
configure:4824: cc -c -g -O2  conftest.c >&5
conftest.c: In function 'main':
conftest.c:16:13: error: unknown type name 'not'
             not clang
             ^
configure:4824: $? = 1
configure: failed program was:
| /* confdefs.h */
| #define PACKAGE_NAME ""
| #define PACKAGE_TARNAME ""
| #define PACKAGE_VERSION ""
| #define PACKAGE_STRING ""
| #define PACKAGE_BUGREPORT ""
| #define PACKAGE_URL ""
| /* end confdefs.h.  */
| 
| 
| int
| main ()
| {
| 
|         #ifndef __clang__
|             not clang
|         #endif
| 
|   ;
|   return 0;
| }
configure:4831: result: no
configure:4952: checking for cpu affinity
configure:4976: cc -c -g -O2  conftest.c >&5
configure:4976: $? = 0
configure:4981: result: yes
configure:4993: checking for socket REUSEPORT
configure:5011: cc -c -g -O2  conftest.c >&5
configure:5011: $? = 0
configure:5016: result: yes
configure:5028: checking for futex
configure:5049: cc -c -g -O2  conftest.c >&5
configure:5049: $? = 0
configure:5054: result: yes
configure:5066: checking for ucontext
configure:5086: cc -c -g -O2  conftest.c >&5
configure:5086: $? = 0
configure:5091: result: yes
configure:5160: checking for g++
configure:5176: found /usr/bin/g++
configure:5187: result: g++
configure:5214: checking for C++ compiler version
configure:5223: g++ --version >&5
g++ (GCC) 4.8.5 20150623 (Red Hat 4.8.5-44)
Copyright (C) 2015 Free Software Foundation, Inc.
This is free software; see the source for copying conditions.  There is NO
warranty; not even for MERCHANTABILITY or FITNESS FOR A PARTICULAR PURPOSE.

configure:5234: $? = 0
configure:5223: g++ -v >&5
Using built-in specs.
COLLECT_GCC=g++
COLLECT_LTO_WRAPPER=/usr/libexec/gcc/x86_64-redhat-linux/4.8.5/lto-wrapper
Target: x86_64-redhat-linux
Configured with: ../configure --prefix=/usr --mandir=/usr/share/man --infodir=/usr/share/info --with-bugurl=http://bugzilla.redhat.com/bugzilla --enable-bootstrap --enable-shared --enable-threads=posix --enable-checking=release --with-system-zlib --enable-__cxa_atexit --disable-libunwind-exceptions --enable-gnu-unique-object --enable-linker-build-id --with-linker-hash-style=gnu --enable-languages=c,c++,objc,obj-c++,java,fortran,ada,go,lto --enable-plugin --enable-initfini-array --disable-libgcj --with-isl=/builddir/build/BUILD/gcc-4.8.5-20150702/obj-x86_64-redhat-linux/isl-install --with-cloog=/builddir/build/BUILD/gcc-4.8.5-20150702/obj-x86_64-redhat-linux/cloog-install --enable-gnu-indirect-function --with-tune=generic --with-arch_32=x86-64 --build=x86_64-redhat-linux
Thread model: posix
gcc version 4.8.5 20150623 (Red Hat 4.8.5-44) (GCC) 
configure:5234: $? = 0
configure:5223: g++ -V >&5
g++: error: unrecognized command line option '-V'
g++: fatal error: no input files
compilation terminated.
configure:5234: $? = 4
configure:5223: g++ -qversion >&5
g++: error: unrecognized command line option '-qversion'
g++: fatal error: no input files
compilation terminated.
configure:5234: $? = 4
configure:5238: checking whether we are using the GNU C++ compiler
configure:5257: g++ -c   conftest.cpp >&5
configure:5257: $? = 0
configure:5266: result: yes
configure:5275: checking whether g++ accepts -g
configure:5295: g++ -c -g  conftest.cpp >&5
configure:5295: $? = 0
configure:5336: result: yes
configure:5361: checking for boost.context
configure:5384: g++ -c -g -O2  conftest.cpp >&5
conftest.cpp:14:41: fatal error: boost/context/all.hpp: No such file or directory
         #include <boost/context/all.hpp>
                                         ^
compilation terminated.
configure:5384: $? = 1
configure: failed program was:
| /* confdefs.h */
| #define PACKAGE_NAME ""
| #define PACKAGE_TARNAME ""
| #define PACKAGE_VERSION ""
| #define PACKAGE_STRING ""
| #define PACKAGE_BUGREPORT ""
| #define PACKAGE_URL ""
| #define HAVE_CPU_AFFINITY 1
| #define HAVE_REUSEPORT 1
| #define HAVE_FUTEX 1
| #define HAVE_UCONTEXT 1
| /* end confdefs.h.  */
| 
|         #include <boost/context/all.hpp>
| 
| int
| main ()
| {
| 
| 
| 
|   ;
|   return 0;
| }
configure:5395: result: no
configure:5402: checking for valgrind
configure:5425: g++ -c -g -O2  conftest.cpp >&5
conftest.cpp:14:39: fatal error: valgrind/valgrind.h: No such file or directory
         #include <valgrind/valgrind.h>
                                       ^
compilation terminated.
configure:5425: $? = 1
configure: failed program was:
| /* confdefs.h */
| #define PACKAGE_NAME ""
| #define PACKAGE_TARNAME ""
| #define PACKAGE_VERSION ""
| #define PACKAGE_STRING ""
| #define PACKAGE_BUGREPORT ""
| #define PACKAGE_URL ""
| #define HAVE_CPU_AFFINITY 1
| #define HAVE_REUSEPORT 1
| #define HAVE_FUTEX 1
| #define HAVE_UCONTEXT 1
| /* end confdefs.h.  */
| 
|         #include <valgrind/valgrind.h>
| 
| int
| main ()
| {
| 
| 
| 
|   ;
|   return 0;
| }
configure:5435: result: no
configure:5489: checking for clock_gettime in -lrt
configure:5514: g++ -o conftest -g -O2   -lpthread conftest.cpp -lrt   >&5
configure:5514: $? = 0
configure:5523: result: yes
configure:6176: checking for accept4 in -lc
configure:6201: g++ -o conftest -g -O2   -lpthread -z now conftest.cpp -lc   >&5
configure:6201: $? = 0
configure:6210: result: yes
configure:6218: checking for signalfd in -lc
configure:6243: g++ -o conftest -g -O2   -lpthread -z now conftest.cpp -lc   >&5
configure:6243: $? = 0
configure:6252: result: yes
configure:6260: checking for eventfd in -lc
configure:6285: g++ -o conftest -g -O2   -lpthread -z now conftest.cpp -lc   >&5
configure:6285: $? = 0
configure:6294: result: yes
configure:6302: checking for epoll_create in -lc
configure:6327: g++ -o conftest -g -O2   -lpthread -z now conftest.cpp -lc   >&5
configure:6327: $? = 0
configure:6336: result: yes
configure:6344: checking for poll in -lc
configure:6369: g++ -o conftest -g -O2   -lpthread -z now conftest.cpp -lc   >&5
configure:6369: $? = 0
configure:6378: result: yes
configure:6386: checking for sendfile in -lc
configure:6411: g++ -o conftest -g -O2   -lpthread -z now conftest.cpp -lc   >&5
configure:6411: $? = 0
configure:6420: result: yes
configure:6428: checking for kqueue in -lc
configure:6453: g++ -o conftest -g -O2   -lpthread -z now conftest.cpp -lc   >&5
/tmp/cclcJvxn.o: In function `main':
/data/C_study/swoole/swoole-4.0.4/conftest.cpp:31: undefined reference to `kqueue'
collect2: error: ld returned 1 exit status
configure:6453: $? = 1
configure: failed program was:
| /* confdefs.h */
| #define PACKAGE_NAME ""
| #define PACKAGE_TARNAME ""
| #define PACKAGE_VERSION ""
| #define PACKAGE_STRING ""
| #define PACKAGE_BUGREPORT ""
| #define PACKAGE_URL ""
| #define HAVE_CPU_AFFINITY 1
| #define HAVE_REUSEPORT 1
| #define HAVE_FUTEX 1
| #define HAVE_UCONTEXT 1
| #define HAVE_CLOCK_GETTIME 1
| #define HAVE_ACCEPT4 1
| #define HAVE_SIGNALFD 1
| #define HAVE_EVENTFD 1
| #define HAVE_EPOLL 1
| #define HAVE_POLL 1
| #define HAVE_SENDFILE 1
| /* end confdefs.h.  */
| 
| /* Override any GCC internal prototype to avoid an error.
|    Use char because int might match the return type of a GCC
|    builtin and then its argument prototype would still apply.  */
| #ifdef __cplusplus
| extern "C"
| #endif
| char kqueue ();
| int
| main ()
| {
| return kqueue ();
|   ;
|   return 0;
| }
configure:6462: result: no
configure:6470: checking for backtrace in -lc
configure:6495: g++ -o conftest -g -O2   -lpthread -z now conftest.cpp -lc   >&5
configure:6495: $? = 0
configure:6504: result: yes
configure:6512: checking for daemon in -lc
configure:6537: g++ -o conftest -g -O2   -lpthread -z now conftest.cpp -lc   >&5
configure:6537: $? = 0
configure:6546: result: yes
configure:6554: checking for mkostemp in -lc
configure:6579: g++ -o conftest -g -O2   -lpthread -z now conftest.cpp -lc   >&5
configure:6579: $? = 0
configure:6588: result: yes
configure:6596: checking for inotify_init in -lc
configure:6621: g++ -o conftest -g -O2   -lpthread -z now conftest.cpp -lc   >&5
configure:6621: $? = 0
configure:6630: result: yes
configure:6638: checking for malloc_trim in -lc
configure:6663: g++ -o conftest -g -O2   -lpthread -z now conftest.cpp -lc   >&5
configure:6663: $? = 0
configure:6672: result: yes
configure:6680: checking for inotify_init1 in -lc
configure:6705: g++ -o conftest -g -O2   -lpthread -z now conftest.cpp -lc   >&5
configure:6705: $? = 0
configure:6714: result: yes
configure:6722: checking for gethostbyname2_r in -lc
configure:6747: g++ -o conftest -g -O2   -lpthread -z now conftest.cpp -lc   >&5
configure:6747: $? = 0
configure:6756: result: yes
configure:6764: checking for ptrace in -lc
configure:6789: g++ -o conftest -g -O2   -lpthread -z now conftest.cpp -lc   >&5
configure:6789: $? = 0
configure:6798: result: yes
configure:6806: checking for pthread_rwlock_init in -lpthread
configure:6831: g++ -o conftest -g -O2   -lpthread -z now conftest.cpp -lpthread   >&5
configure:6831: $? = 0
configure:6840: result: yes
configure:6848: checking for pthread_spin_lock in -lpthread
configure:6873: g++ -o conftest -g -O2   -lpthread -z now conftest.cpp -lpthread   >&5
configure:6873: $? = 0
configure:6882: result: yes
configure:6890: checking for pthread_mutex_timedlock in -lpthread
configure:6915: g++ -o conftest -g -O2   -lpthread -z now conftest.cpp -lpthread   >&5
configure:6915: $? = 0
configure:6924: result: yes
configure:6932: checking for pthread_barrier_init in -lpthread
configure:6957: g++ -o conftest -g -O2   -lpthread -z now conftest.cpp -lpthread   >&5
configure:6957: $? = 0
configure:6966: result: yes
configure:6974: checking for pcre_compile in -lpcre
configure:6999: g++ -o conftest -g -O2   -lpthread -z now conftest.cpp -lpcre   >&5
configure:6999: $? = 0
configure:7008: result: yes
configure:7016: checking for redisConnect in -lhiredis
configure:7041: g++ -o conftest -g -O2   -lpthread -z now conftest.cpp -lhiredis   >&5
/usr/bin/ld: cannot find -lhiredis
collect2: error: ld returned 1 exit status
configure:7041: $? = 1
configure: failed program was:
| /* confdefs.h */
| #define PACKAGE_NAME ""
| #define PACKAGE_TARNAME ""
| #define PACKAGE_VERSION ""
| #define PACKAGE_STRING ""
| #define PACKAGE_BUGREPORT ""
| #define PACKAGE_URL ""
| #define HAVE_CPU_AFFINITY 1
| #define HAVE_REUSEPORT 1
| #define HAVE_FUTEX 1
| #define HAVE_UCONTEXT 1
| #define HAVE_CLOCK_GETTIME 1
| #define HAVE_ACCEPT4 1
| #define HAVE_SIGNALFD 1
| #define HAVE_EVENTFD 1
| #define HAVE_EPOLL 1
| #define HAVE_POLL 1
| #define HAVE_SENDFILE 1
| #define HAVE_EXECINFO 1
| #define HAVE_DAEMON 1
| #define HAVE_MKOSTEMP 1
| #define HAVE_INOTIFY 1
| #define HAVE_MALLOC_TRIM 1
| #define HAVE_INOTIFY_INIT1 1
| #define HAVE_GETHOSTBYNAME2_R 1
| #define HAVE_PTRACE 1
| #define HAVE_RWLOCK 1
| #define HAVE_SPINLOCK 1
| #define HAVE_MUTEX_TIMEDLOCK 1
| #define HAVE_PTHREAD_BARRIER 1
| #define HAVE_PCRE 1
| /* end confdefs.h.  */
| 
| /* Override any GCC internal prototype to avoid an error.
|    Use char because int might match the return type of a GCC
|    builtin and then its argument prototype would still apply.  */
| #ifdef __cplusplus
| extern "C"
| #endif
| char redisConnect ();
| int
| main ()
| {
| return redisConnect ();
|   ;
|   return 0;
| }
configure:7050: result: no
configure:7058: checking for PQconnectdb in -lpq
configure:7083: g++ -o conftest -g -O2   -lpthread -z now conftest.cpp -lpq   >&5
/usr/bin/ld: cannot find -lpq
collect2: error: ld returned 1 exit status
configure:7083: $? = 1
configure: failed program was:
| /* confdefs.h */
| #define PACKAGE_NAME ""
| #define PACKAGE_TARNAME ""
| #define PACKAGE_VERSION ""
| #define PACKAGE_STRING ""
| #define PACKAGE_BUGREPORT ""
| #define PACKAGE_URL ""
| #define HAVE_CPU_AFFINITY 1
| #define HAVE_REUSEPORT 1
| #define HAVE_FUTEX 1
| #define HAVE_UCONTEXT 1
| #define HAVE_CLOCK_GETTIME 1
| #define HAVE_ACCEPT4 1
| #define HAVE_SIGNALFD 1
| #define HAVE_EVENTFD 1
| #define HAVE_EPOLL 1
| #define HAVE_POLL 1
| #define HAVE_SENDFILE 1
| #define HAVE_EXECINFO 1
| #define HAVE_DAEMON 1
| #define HAVE_MKOSTEMP 1
| #define HAVE_INOTIFY 1
| #define HAVE_MALLOC_TRIM 1
| #define HAVE_INOTIFY_INIT1 1
| #define HAVE_GETHOSTBYNAME2_R 1
| #define HAVE_PTRACE 1
| #define HAVE_RWLOCK 1
| #define HAVE_SPINLOCK 1
| #define HAVE_MUTEX_TIMEDLOCK 1
| #define HAVE_PTHREAD_BARRIER 1
| #define HAVE_PCRE 1
| /* end confdefs.h.  */
| 
| /* Override any GCC internal prototype to avoid an error.
|    Use char because int might match the return type of a GCC
|    builtin and then its argument prototype would still apply.  */
| #ifdef __cplusplus
| extern "C"
| #endif
| char PQconnectdb ();
| int
| main ()
| {
| return PQconnectdb ();
|   ;
|   return 0;
| }
configure:7092: result: no
configure:7100: checking for nghttp2_hd_inflate_new in -lnghttp2
configure:7125: g++ -o conftest -g -O2   -lpthread -z now conftest.cpp -lnghttp2   >&5
/usr/bin/ld: cannot find -lnghttp2
collect2: error: ld returned 1 exit status
configure:7125: $? = 1
configure: failed program was:
| /* confdefs.h */
| #define PACKAGE_NAME ""
| #define PACKAGE_TARNAME ""
| #define PACKAGE_VERSION ""
| #define PACKAGE_STRING ""
| #define PACKAGE_BUGREPORT ""
| #define PACKAGE_URL ""
| #define HAVE_CPU_AFFINITY 1
| #define HAVE_REUSEPORT 1
| #define HAVE_FUTEX 1
| #define HAVE_UCONTEXT 1
| #define HAVE_CLOCK_GETTIME 1
| #define HAVE_ACCEPT4 1
| #define HAVE_SIGNALFD 1
| #define HAVE_EVENTFD 1
| #define HAVE_EPOLL 1
| #define HAVE_POLL 1
| #define HAVE_SENDFILE 1
| #define HAVE_EXECINFO 1
| #define HAVE_DAEMON 1
| #define HAVE_MKOSTEMP 1
| #define HAVE_INOTIFY 1
| #define HAVE_MALLOC_TRIM 1
| #define HAVE_INOTIFY_INIT1 1
| #define HAVE_GETHOSTBYNAME2_R 1
| #define HAVE_PTRACE 1
| #define HAVE_RWLOCK 1
| #define HAVE_SPINLOCK 1
| #define HAVE_MUTEX_TIMEDLOCK 1
| #define HAVE_PTHREAD_BARRIER 1
| #define HAVE_PCRE 1
| /* end confdefs.h.  */
| 
| /* Override any GCC internal prototype to avoid an error.
|    Use char because int might match the return type of a GCC
|    builtin and then its argument prototype would still apply.  */
| #ifdef __cplusplus
| extern "C"
| #endif
| char nghttp2_hd_inflate_new ();
| int
| main ()
| {
| return nghttp2_hd_inflate_new ();
|   ;
|   return 0;
| }
configure:7134: result: no
configure:7143: checking for gzgets in -lz
configure:7168: g++ -o conftest -g -O2   -lpthread -z now conftest.cpp -lz   >&5
configure:7168: $? = 0
configure:7177: result: yes
configure:7882: checking for C++ compiler version
configure:7891: g++ --version >&5
g++ (GCC) 4.8.5 20150623 (Red Hat 4.8.5-44)
Copyright (C) 2015 Free Software Foundation, Inc.
This is free software; see the source for copying conditions.  There is NO
warranty; not even for MERCHANTABILITY or FITNESS FOR A PARTICULAR PURPOSE.

configure:7902: $? = 0
configure:7891: g++ -v >&5
Using built-in specs.
COLLECT_GCC=g++
COLLECT_LTO_WRAPPER=/usr/libexec/gcc/x86_64-redhat-linux/4.8.5/lto-wrapper
Target: x86_64-redhat-linux
Configured with: ../configure --prefix=/usr --mandir=/usr/share/man --infodir=/usr/share/info --with-bugurl=http://bugzilla.redhat.com/bugzilla --enable-bootstrap --enable-shared --enable-threads=posix --enable-checking=release --with-system-zlib --enable-__cxa_atexit --disable-libunwind-exceptions --enable-gnu-unique-object --enable-linker-build-id --with-linker-hash-style=gnu --enable-languages=c,c++,objc,obj-c++,java,fortran,ada,go,lto --enable-plugin --enable-initfini-array --disable-libgcj --with-isl=/builddir/build/BUILD/gcc-4.8.5-20150702/obj-x86_64-redhat-linux/isl-install --with-cloog=/builddir/build/BUILD/gcc-4.8.5-20150702/obj-x86_64-redhat-linux/cloog-install --enable-gnu-indirect-function --with-tune=generic --with-arch_32=x86-64 --build=x86_64-redhat-linux
Thread model: posix
gcc version 4.8.5 20150623 (Red Hat 4.8.5-44) (GCC) 
configure:7902: $? = 0
configure:7891: g++ -V >&5
g++: error: unrecognized command line option '-V'
g++: fatal error: no input files
compilation terminated.
configure:7902: $? = 4
configure:7891: g++ -qversion >&5
g++: error: unrecognized command line option '-qversion'
g++: fatal error: no input files
compilation terminated.
configure:7902: $? = 4
configure:7906: checking whether we are using the GNU C++ compiler
configure:7934: result: yes
configure:7943: checking whether g++ accepts -g
configure:8004: result: yes
configure:8032: checking how to run the C++ preprocessor
configure:8059: g++ -E  conftest.cpp
configure:8059: $? = 0
configure:8073: g++ -E  conftest.cpp
conftest.cpp:35:28: fatal error: ac_nonexistent.h: No such file or directory
 #include <ac_nonexistent.h>
                            ^
compilation terminated.
configure:8073: $? = 1
configure: failed program was:
| /* confdefs.h */
| #define PACKAGE_NAME ""
| #define PACKAGE_TARNAME ""
| #define PACKAGE_VERSION ""
| #define PACKAGE_STRING ""
| #define PACKAGE_BUGREPORT ""
| #define PACKAGE_URL ""
| #define HAVE_CPU_AFFINITY 1
| #define HAVE_REUSEPORT 1
| #define HAVE_FUTEX 1
| #define HAVE_UCONTEXT 1
| #define HAVE_CLOCK_GETTIME 1
| #define HAVE_ACCEPT4 1
| #define HAVE_SIGNALFD 1
| #define HAVE_EVENTFD 1
| #define HAVE_EPOLL 1
| #define HAVE_POLL 1
| #define HAVE_SENDFILE 1
| #define HAVE_EXECINFO 1
| #define HAVE_DAEMON 1
| #define HAVE_MKOSTEMP 1
| #define HAVE_INOTIFY 1
| #define HAVE_MALLOC_TRIM 1
| #define HAVE_INOTIFY_INIT1 1
| #define HAVE_GETHOSTBYNAME2_R 1
| #define HAVE_PTRACE 1
| #define HAVE_RWLOCK 1
| #define HAVE_SPINLOCK 1
| #define HAVE_MUTEX_TIMEDLOCK 1
| #define HAVE_PTHREAD_BARRIER 1
| #define HAVE_PCRE 1
| #define SW_HAVE_ZLIB 1
| #define COMPILE_DL_SWOOLE 1
| /* end confdefs.h.  */
| #include <ac_nonexistent.h>
configure:8098: result: g++ -E
configure:8118: g++ -E  conftest.cpp
configure:8118: $? = 0
configure:8132: g++ -E  conftest.cpp
conftest.cpp:35:28: fatal error: ac_nonexistent.h: No such file or directory
 #include <ac_nonexistent.h>
                            ^
compilation terminated.
configure:8132: $? = 1
configure: failed program was:
| /* confdefs.h */
| #define PACKAGE_NAME ""
| #define PACKAGE_TARNAME ""
| #define PACKAGE_VERSION ""
| #define PACKAGE_STRING ""
| #define PACKAGE_BUGREPORT ""
| #define PACKAGE_URL ""
| #define HAVE_CPU_AFFINITY 1
| #define HAVE_REUSEPORT 1
| #define HAVE_FUTEX 1
| #define HAVE_UCONTEXT 1
| #define HAVE_CLOCK_GETTIME 1
| #define HAVE_ACCEPT4 1
| #define HAVE_SIGNALFD 1
| #define HAVE_EVENTFD 1
| #define HAVE_EPOLL 1
| #define HAVE_POLL 1
| #define HAVE_SENDFILE 1
| #define HAVE_EXECINFO 1
| #define HAVE_DAEMON 1
| #define HAVE_MKOSTEMP 1
| #define HAVE_INOTIFY 1
| #define HAVE_MALLOC_TRIM 1
| #define HAVE_INOTIFY_INIT1 1
| #define HAVE_GETHOSTBYNAME2_R 1
| #define HAVE_PTRACE 1
| #define HAVE_RWLOCK 1
| #define HAVE_SPINLOCK 1
| #define HAVE_MUTEX_TIMEDLOCK 1
| #define HAVE_PTHREAD_BARRIER 1
| #define HAVE_PCRE 1
| #define SW_HAVE_ZLIB 1
| #define COMPILE_DL_SWOOLE 1
| /* end confdefs.h.  */
| #include <ac_nonexistent.h>
configure:8391: checking for ld used by cc
configure:8458: result: /usr/bin/ld
configure:8465: checking if the linker (/usr/bin/ld) is GNU ld
configure:8480: result: yes
configure:8485: checking for /usr/bin/ld option to reload object files
configure:8492: result: -r
configure:8510: checking for BSD-compatible nm
configure:8559: result: /usr/bin/nm -B
configure:8563: checking whether ln -s works
configure:8567: result: yes
configure:8574: checking how to recognize dependent libraries
configure:8760: result: pass_all
configure:8845: g++ -c -g -O2  conftest.cpp >&5
configure:8848: $? = 0
configure:8978: checking for ANSI C header files
configure:8998: g++ -c -g -O2  conftest.cpp >&5
configure:8998: $? = 0
configure:9071: g++ -o conftest -g -O2   -lpthread -z now conftest.cpp -lstdc++  >&5
configure:9071: $? = 0
configure:9071: ./conftest
configure:9071: $? = 0
configure:9082: result: yes
configure:9095: checking for sys/types.h
configure:9095: g++ -c -g -O2  conftest.cpp >&5
configure:9095: $? = 0
configure:9095: result: yes
configure:9095: checking for sys/stat.h
configure:9095: g++ -c -g -O2  conftest.cpp >&5
configure:9095: $? = 0
configure:9095: result: yes
configure:9095: checking for stdlib.h
configure:9095: g++ -c -g -O2  conftest.cpp >&5
configure:9095: $? = 0
configure:9095: result: yes
configure:9095: checking for string.h
configure:9095: g++ -c -g -O2  conftest.cpp >&5
configure:9095: $? = 0
configure:9095: result: yes
configure:9095: checking for memory.h
configure:9095: g++ -c -g -O2  conftest.cpp >&5
configure:9095: $? = 0
configure:9095: result: yes
configure:9095: checking for strings.h
configure:9095: g++ -c -g -O2  conftest.cpp >&5
configure:9095: $? = 0
configure:9095: result: yes
configure:9095: checking for inttypes.h
configure:9095: g++ -c -g -O2  conftest.cpp >&5
configure:9095: $? = 0
configure:9095: result: yes
configure:9095: checking for stdint.h
configure:9095: g++ -c -g -O2  conftest.cpp >&5
configure:9095: $? = 0
configure:9095: result: yes
configure:9095: checking for unistd.h
configure:9095: g++ -c -g -O2  conftest.cpp >&5
configure:9095: $? = 0
configure:9095: result: yes
configure:9109: checking dlfcn.h usability
configure:9109: g++ -c -g -O2  conftest.cpp >&5
configure:9109: $? = 0
configure:9109: result: yes
configure:9109: checking dlfcn.h presence
configure:9109: g++ -E  conftest.cpp
configure:9109: $? = 0
configure:9109: result: yes
configure:9109: checking for dlfcn.h
configure:9109: result: yes
configure:9129: checking how to run the C++ preprocessor
configure:9195: result: g++ -E
configure:9215: g++ -E  conftest.cpp
configure:9215: $? = 0
configure:9229: g++ -E  conftest.cpp
conftest.cpp:46:28: fatal error: ac_nonexistent.h: No such file or directory
 #include <ac_nonexistent.h>
                            ^
compilation terminated.
configure:9229: $? = 1
configure: failed program was:
| /* confdefs.h */
| #define PACKAGE_NAME ""
| #define PACKAGE_TARNAME ""
| #define PACKAGE_VERSION ""
| #define PACKAGE_STRING ""
| #define PACKAGE_BUGREPORT ""
| #define PACKAGE_URL ""
| #define HAVE_CPU_AFFINITY 1
| #define HAVE_REUSEPORT 1
| #define HAVE_FUTEX 1
| #define HAVE_UCONTEXT 1
| #define HAVE_CLOCK_GETTIME 1
| #define HAVE_ACCEPT4 1
| #define HAVE_SIGNALFD 1
| #define HAVE_EVENTFD 1
| #define HAVE_EPOLL 1
| #define HAVE_POLL 1
| #define HAVE_SENDFILE 1
| #define HAVE_EXECINFO 1
| #define HAVE_DAEMON 1
| #define HAVE_MKOSTEMP 1
| #define HAVE_INOTIFY 1
| #define HAVE_MALLOC_TRIM 1
| #define HAVE_INOTIFY_INIT1 1
| #define HAVE_GETHOSTBYNAME2_R 1
| #define HAVE_PTRACE 1
| #define HAVE_RWLOCK 1
| #define HAVE_SPINLOCK 1
| #define HAVE_MUTEX_TIMEDLOCK 1
| #define HAVE_PTHREAD_BARRIER 1
| #define HAVE_PCRE 1
| #define SW_HAVE_ZLIB 1
| #define COMPILE_DL_SWOOLE 1
| #define STDC_HEADERS 1
| #define HAVE_SYS_TYPES_H 1
| #define HAVE_SYS_STAT_H 1
| #define HAVE_STDLIB_H 1
| #define HAVE_STRING_H 1
| #define HAVE_MEMORY_H 1
| #define HAVE_STRINGS_H 1
| #define HAVE_INTTYPES_H 1
| #define HAVE_STDINT_H 1
| #define HAVE_UNISTD_H 1
| #define HAVE_DLFCN_H 1
| /* end confdefs.h.  */
| #include <ac_nonexistent.h>
configure:9262: checking the maximum length of command line arguments
configure:9374: result: 1572864
configure:9386: checking command to parse /usr/bin/nm -B output from cc object
configure:9491: g++ -c -g -O2  conftest.cpp >&5
configure:9494: $? = 0
configure:9498: /usr/bin/nm -B conftest.o \| sed -n -e 's/^.*[ 	]\([ABCDGIRSTW][ABCDGIRSTW]*\)[ 	][ 	]*\([_A-Za-z][_A-Za-z0-9]*\)$/\1 \2 \2/p' \> conftest.nm
configure:9501: $? = 0
configure:9553: g++ -o conftest -g -O2   -lpthread -z now conftest.cpp conftstm.o >&5
configure:9556: $? = 0
configure:9594: result: ok
configure:9598: checking for objdir
configure:9613: result: .libs
configure:9705: checking for ar
configure:9721: found /usr/bin/ar
configure:9732: result: ar
configure:9797: checking for ranlib
configure:9813: found /usr/bin/ranlib
configure:9824: result: ranlib
configure:9889: checking for strip
configure:9905: found /usr/bin/strip
configure:9916: result: strip
configure:10485: checking if cc supports -fno-rtti -fno-exceptions
configure:10503: cc -c -Wall -pthread -g -O2  -fno-rtti -fno-exceptions conftest.c >&5
cc1: warning: command line option '-fno-rtti' is valid for C++/ObjC++ but not for C [enabled by default]
configure:10507: $? = 0
configure:10520: result: no
configure:10535: checking for cc option to produce PIC
configure:10775: result: -fPIC
configure:10783: checking if cc PIC flag -fPIC works
configure:10801: cc -c -Wall -pthread -g -O2  -fPIC -DPIC conftest.c >&5
configure:10805: $? = 0
configure:10818: result: yes
configure:10846: checking if cc static flag -static works
configure:10874: result: no
configure:10884: checking if cc supports -c -o file.o
configure:10905: cc -c -Wall -pthread -g -O2  -o out/conftest2.o conftest.c >&5
configure:10909: $? = 0
configure:10931: result: yes
configure:10957: checking whether the cc linker (/usr/bin/ld -m elf_x86_64) supports shared libraries
configure:11885: result: yes
configure:11906: checking whether -lc should be explicitly linked in
configure:11911: cc -c -Wall -pthread -g -O2  conftest.c >&5
configure:11914: $? = 0
configure:11929: cc -shared conftest.o  -v -Wl,-soname -Wl,conftest -o conftest 2\>\&1 \| grep  -lc  \>/dev/null 2\>\&1
configure:11932: $? = 0
configure:11944: result: no
configure:11952: checking dynamic linker characteristics
configure:12550: result: GNU/Linux ld.so
configure:12574: checking how to hardcode library paths into programs
configure:12599: result: immediate
configure:12613: checking whether stripping libraries is possible
configure:12618: result: yes
configure:13135: checking if libtool supports shared libraries
configure:13137: result: yes
configure:13140: checking whether to build shared libraries
configure:13161: result: yes
configure:13164: checking whether to build static libraries
configure:13168: result: no
configure:13263: result:
creating libtool
configure:13854: checking for ld used by g++
configure:13921: result: /usr/bin/ld -m elf_x86_64
configure:13928: checking if the linker (/usr/bin/ld -m elf_x86_64) is GNU ld
configure:13943: result: yes
configure:13994: checking whether the g++ linker (/usr/bin/ld -m elf_x86_64) supports shared libraries
configure:14892: result: yes
configure:14913: g++ -c -g -O2  conftest.cpp >&5
configure:14916: $? = 0
configure:15072: checking for g++ option to produce PIC
configure:15362: result: -fPIC
configure:15370: checking if g++ PIC flag -fPIC works
configure:15388: g++ -c -g -O2  -fPIC -DPIC conftest.cpp >&5
configure:15392: $? = 0
configure:15405: result: yes
configure:15433: checking if g++ static flag -static works
configure:15461: result: no
configure:15471: checking if g++ supports -c -o file.o
configure:15492: g++ -c -g -O2  -o out/conftest2.o conftest.cpp >&5
configure:15496: $? = 0
configure:15518: result: yes
configure:15544: checking whether the g++ linker (/usr/bin/ld -m elf_x86_64) supports shared libraries
configure:15570: result: yes
configure:15637: checking dynamic linker characteristics
configure:16183: result: GNU/Linux ld.so
configure:16207: checking how to hardcode library paths into programs
configure:16232: result: immediate
configure:16961: creating ./config.status

## ---------------------- ##
## Running config.status. ##
## ---------------------- ##

This file was extended by config.status, which was
generated by GNU Autoconf 2.69.  Invocation command line was

  CONFIG_FILES    = 
  CONFIG_HEADERS  = 
  CONFIG_LINKS    = 
  CONFIG_COMMANDS = 
  $ ./config.status 

on localhost.localdomain

config.status:701: creating config.h

## ---------------- ##
## Cache variables. ##
## ---------------- ##

ac_cv_build=x86_64-pc-linux-gnu
ac_cv_c_compiler_gnu=yes
ac_cv_cxx_compiler_gnu=yes
ac_cv_env_CCC_set=
ac_cv_env_CCC_value=
ac_cv_env_CC_set=
ac_cv_env_CC_value=
ac_cv_env_CFLAGS_set=
ac_cv_env_CFLAGS_value=
ac_cv_env_CPPFLAGS_set=
ac_cv_env_CPPFLAGS_value=
ac_cv_env_CPP_set=
ac_cv_env_CPP_value=
ac_cv_env_CXXCPP_set=
ac_cv_env_CXXCPP_value=
ac_cv_env_CXXFLAGS_set=
ac_cv_env_CXXFLAGS_value=
ac_cv_env_CXX_set=
ac_cv_env_CXX_value=
ac_cv_env_LDFLAGS_set=
ac_cv_env_LDFLAGS_value=
ac_cv_env_LIBS_set=
ac_cv_env_LIBS_value=
ac_cv_env_build_alias_set=
ac_cv_env_build_alias_value=
ac_cv_env_host_alias_set=
ac_cv_env_host_alias_value=
ac_cv_env_target_alias_set=
ac_cv_env_target_alias_value=
ac_cv_header_dlfcn_h=yes
ac_cv_header_inttypes_h=yes
ac_cv_header_memory_h=yes
ac_cv_header_stdc=yes
ac_cv_header_stdint_h=yes
ac_cv_header_stdlib_h=yes
ac_cv_header_string_h=yes
ac_cv_header_strings_h=yes
ac_cv_header_sys_stat_h=yes
ac_cv_header_sys_types_h=yes
ac_cv_header_unistd_h=yes
ac_cv_host=x86_64-pc-linux-gnu
ac_cv_lib_c_accept4=yes
ac_cv_lib_c_backtrace=yes
ac_cv_lib_c_daemon=yes
ac_cv_lib_c_epoll_create=yes
ac_cv_lib_c_eventfd=yes
ac_cv_lib_c_gethostbyname2_r=yes
ac_cv_lib_c_inotify_init1=yes
ac_cv_lib_c_inotify_init=yes
ac_cv_lib_c_kqueue=no
ac_cv_lib_c_malloc_trim=yes
ac_cv_lib_c_mkostemp=yes
ac_cv_lib_c_poll=yes
ac_cv_lib_c_ptrace=yes
ac_cv_lib_c_sendfile=yes
ac_cv_lib_c_signalfd=yes
ac_cv_lib_hiredis_redisConnect=no
ac_cv_lib_nghttp2_nghttp2_hd_inflate_new=no
ac_cv_lib_pcre_pcre_compile=yes
ac_cv_lib_pq_PQconnectdb=no
ac_cv_lib_pthread_pthread_barrier_init=yes
ac_cv_lib_pthread_pthread_mutex_timedlock=yes
ac_cv_lib_pthread_pthread_rwlock_init=yes
ac_cv_lib_pthread_pthread_spin_lock=yes
ac_cv_lib_rt_clock_gettime=yes
ac_cv_lib_z_gzgets=yes
ac_cv_objext=o
ac_cv_path_EGREP='/usr/bin/grep -E'
ac_cv_path_GREP=/usr/bin/grep
ac_cv_prog_AWK=gawk
ac_cv_prog_CPP='cc -E'
ac_cv_prog_CXXCPP='g++ -E'
ac_cv_prog_ac_ct_AR=ar
ac_cv_prog_ac_ct_CC=cc
ac_cv_prog_ac_ct_CXX=g++
ac_cv_prog_ac_ct_RANLIB=ranlib
ac_cv_prog_ac_ct_STRIP=strip
ac_cv_prog_cc_c89=
ac_cv_prog_cc_cc_c_o=yes
ac_cv_prog_cc_g=yes
ac_cv_prog_cxx_g=yes
ac_cv_target=x86_64-pc-linux-gnu
lt_cv_deplibs_check_method=pass_all
lt_cv_file_magic_cmd='$MAGIC_CMD'
lt_cv_file_magic_test_file=
lt_cv_ld_reload_flag=-r
lt_cv_objdir=.libs
lt_cv_path_LD=/usr/bin/ld
lt_cv_path_LDCXX='/usr/bin/ld -m elf_x86_64'
lt_cv_path_NM='/usr/bin/nm -B'
lt_cv_path_SED=/usr/bin/sed
lt_cv_prog_compiler_c_o=yes
lt_cv_prog_compiler_c_o_CXX=yes
lt_cv_prog_compiler_pic_works=yes
lt_cv_prog_compiler_pic_works_CXX=yes
lt_cv_prog_compiler_rtti_exceptions=no
lt_cv_prog_compiler_static_works=no
lt_cv_prog_compiler_static_works_CXX=no
lt_cv_prog_gnu_ld=yes
lt_cv_prog_gnu_ldcxx=yes
lt_cv_sys_global_symbol_pipe='sed -n -e '\''s/^.*[ 	]\([ABCDGIRSTW][ABCDGIRSTW]*\)[ 	][ 	]*\([_A-Za-z][_A-Za-z0-9]*\)$/\1 \2 \2/p'\'''
lt_cv_sys_global_symbol_to_c_name_address='sed -n -e '\''s/^: \([^ ]*\) $/  {\"\1\", (lt_ptr) 0},/p'\'' -e '\''s/^[BCDEGRST] \([^ ]*\) \([^ ]*\)$/  {"\2", (lt_ptr) \&\2},/p'\'''
lt_cv_sys_global_symbol_to_cdecl='sed -n -e '\''s/^. .* \(.*\)$/extern int \1;/p'\'''
lt_cv_sys_lib_dlsearch_path_spec='/lib /usr/lib /usr/lib64//bind9-export/ /usr/local/freetype/lib     /usr/local/mysql/lib     /usr/local/lib /usr/local/LuaJIT/lib /lib /usr/lib /usr/lib64 /usr/local/lib /usr/local/lib /usr/local/lib64 /usr/local/lib /usr/lib /usr/lib64 '
lt_cv_sys_lib_search_path_spec='/usr/lib/gcc/x86_64-redhat-linux/4.8.5 /usr/lib64 /lib64'
lt_cv_sys_max_cmd_len=1572864
lt_lt_cv_prog_compiler_c_o='"yes"'
lt_lt_cv_prog_compiler_c_o_CXX='"yes"'
lt_lt_cv_sys_global_symbol_pipe='"sed -n -e '\''s/^.*[ 	]\\([ABCDGIRSTW][ABCDGIRSTW]*\\)[ 	][ 	]*\\([_A-Za-z][_A-Za-z0-9]*\\)\$/\\1 \\2 \\2/p'\''"'
lt_lt_cv_sys_global_symbol_to_c_name_address='"sed -n -e '\''s/^: \\([^ ]*\\) \$/  {\\\"\\1\\\", (lt_ptr) 0},/p'\'' -e '\''s/^[BCDEGRST] \\([^ ]*\\) \\([^ ]*\\)\$/  {\"\\2\", (lt_ptr) \\&\\2},/p'\''"'
lt_lt_cv_sys_global_symbol_to_cdecl='"sed -n -e '\''s/^. .* \\(.*\\)\$/extern int \\1;/p'\''"'
php_cv_cc_dashr=no
php_cv_cc_rpath=yes

## ----------------- ##
## Output variables. ##
## ----------------- ##

AR='ar'
AWK='gawk'
CC='cc'
CFLAGS='-Wall -pthread -g -O2'
CONFIGURE_COMMAND=' '\''./configure'\''  '\''--with-php-config=/usr/local/php7.3.12/bin/php-config'\'''
CONFIGURE_OPTIONS=' '\''--with-php-config=/usr/local/php7.3.12/bin/php-config'\'''
CPP='cc -E'
CPPFLAGS=' -DHAVE_CONFIG_H'
CXX='g++'
CXXCPP='g++ -E'
CXXFLAGS='-g -O2'
DEFS='-DHAVE_CONFIG_H'
DSYMUTIL=''
ECHO='echo'
ECHO_C=''
ECHO_N='-n'
ECHO_T=''
EGREP='/usr/bin/grep -E'
EXEEXT=''
GREP='/usr/bin/grep'
LDFLAGS=' -lpthread -z now'
LIBOBJS=''
LIBS='-lstdc++ '
LIBTOOL='$(SHELL) $(top_builddir)/libtool'
LN_S='ln -s'
LTLIBOBJS=''
NMEDIT=''
OBJEXT='o'
PACKAGE_BUGREPORT=''
PACKAGE_NAME=''
PACKAGE_STRING=''
PACKAGE_TARNAME=''
PACKAGE_URL=''
PACKAGE_VERSION=''
PATH_SEPARATOR=':'
RANLIB='ranlib'
RE2C='exit 0;'
SED='/usr/bin/sed'
SHELL='/bin/sh'
SHLIB_DL_SUFFIX_NAME='so'
SHLIB_SUFFIX_NAME='so'
STRIP='strip'
ac_ct_CC='cc'
ac_ct_CXX='g++'
bindir='${exec_prefix}/bin'
build='x86_64-pc-linux-gnu'
build_alias=''
build_cpu='x86_64'
build_os='linux-gnu'
build_vendor='pc'
datadir='${datarootdir}'
datarootdir='${prefix}/share'
docdir='${datarootdir}/doc/${PACKAGE}'
dvidir='${docdir}'
exec_prefix='$(prefix)'
host='x86_64-pc-linux-gnu'
host_alias='x86_64-pc-linux-gnu'
host_cpu='x86_64'
host_os='linux-gnu'
host_vendor='pc'
htmldir='${docdir}'
includedir='${prefix}/include'
infodir='${datarootdir}/info'
libdir='${exec_prefix}/lib'
libexecdir='${exec_prefix}/libexec'
localedir='${datarootdir}/locale'
localstatedir='${prefix}/var'
mandir='${datarootdir}/man'
oldincludedir='/usr/include'
pdfdir='${docdir}'
prefix='/usr/local/php7.3.12'
program_transform_name='s,x,x,'
psdir='${docdir}'
sbindir='${exec_prefix}/sbin'
sharedstatedir='${prefix}/com'
sysconfdir='${prefix}/etc'
target='x86_64-pc-linux-gnu'
target_alias=''
target_cpu='x86_64'
target_os='linux-gnu'
target_vendor='pc'

## ----------- ##
## confdefs.h. ##
## ----------- ##

/* confdefs.h */
#define PACKAGE_NAME ""
#define PACKAGE_TARNAME ""
#define PACKAGE_VERSION ""
#define PACKAGE_STRING ""
#define PACKAGE_BUGREPORT ""
#define PACKAGE_URL ""
#define HAVE_CPU_AFFINITY 1
#define HAVE_REUSEPORT 1
#define HAVE_FUTEX 1
#define HAVE_UCONTEXT 1
#define HAVE_CLOCK_GETTIME 1
#define HAVE_ACCEPT4 1
#define HAVE_SIGNALFD 1
#define HAVE_EVENTFD 1
#define HAVE_EPOLL 1
#define HAVE_POLL 1
#define HAVE_SENDFILE 1
#define HAVE_EXECINFO 1
#define HAVE_DAEMON 1
#define HAVE_MKOSTEMP 1
#define HAVE_INOTIFY 1
#define HAVE_MALLOC_TRIM 1
#define HAVE_INOTIFY_INIT1 1
#define HAVE_GETHOSTBYNAME2_R 1
#define HAVE_PTRACE 1
#define HAVE_RWLOCK 1
#define HAVE_SPINLOCK 1
#define HAVE_MUTEX_TIMEDLOCK 1
#define HAVE_PTHREAD_BARRIER 1
#define HAVE_PCRE 1
#define SW_HAVE_ZLIB 1
#define COMPILE_DL_SWOOLE 1
#define STDC_HEADERS 1
#define HAVE_SYS_TYPES_H 1
#define HAVE_SYS_STAT_H 1
#define HAVE_STDLIB_H 1
#define HAVE_STRING_H 1
#define HAVE_MEMORY_H 1
#define HAVE_STRINGS_H 1
#define HAVE_INTTYPES_H 1
#define HAVE_STDINT_H 1
#define HAVE_UNISTD_H 1
#define HAVE_DLFCN_H 1

configure: exit 0
